#
# A fatal error has been detected by the Java Runtime Environment:
#
#  EXCEPTION_ACCESS_VIOLATION (0xc0000005) at pc=0x000001f8cc4d4c88, pid=15500, tid=9360
#
# JRE version: OpenJDK Runtime Environment Temurin-22.0.2+9 (22.0.2+9) (build 22.0.2+9)
# Java VM: OpenJDK 64-Bit Server VM Temurin-22.0.2+9 (22.0.2+9, mixed mode, tiered, compressed oops, compressed class ptrs, g1 gc, windows-amd64)
# Problematic frame:
# j  java.lang.invoke.LambdaForm$DMH+0x00000000b721c400.invokeVirtual(Ljava/lang/Object;Ljava/lang/Object;Ljava/lang/Object;)Ljava/lang/Object;+11 java.base@22.0.2
#
# No core dump will be written. Minidumps are not enabled by default on client versions of Windows
#
# If you would like to submit a bug report, please visit:
#   https://github.com/adoptium/adoptium-support/issues
#

---------------  S U M M A R Y ------------

Command Line: -XX:+ShowCodeDetailsInExceptionMessages -agentlib:jdwp=transport=dt_socket,suspend=y,address=localhost:53234 -javaagent:C:\Users\RiturajYadav\eclipse\java-2024-06\eclipse\configuration\org.eclipse.osgi\251\0\.cp\lib\javaagent-shaded.jar -Dfile.encoding=UTF-8 -Dstdout.encoding=UTF-8 -Dstderr.encoding=UTF-8 com.np.hrms.HRMSApplication

Host: Intel(R) Core(TM) i5-8400 CPU @ 2.80GHz, 6 cores, 15G,  Windows 10 , 64 bit Build 19041 (10.0.19041.4957)
Time: Fri Nov  8 11:23:02 2024 India Standard Time elapsed time: 4274.262888 seconds (0d 1h 11m 14s)

---------------  T H R E A D  ---------------

Current thread (0x000001f8e1cac4b0):  JavaThread "http-nio-8080-exec-5" daemon [_thread_in_Java, id=9360, stack(0x000000efd3f00000,0x000000efd4000000) (1024K)]

Stack: [0x000000efd3f00000,0x000000efd4000000],  sp=0x000000efd3ffbc10,  free space=1007k
Native frames: (J=compiled Java code, j=interpreted, Vv=VM code, C=native code)
C  0x000001f8cc4d4c88  (no source info available)

The last pc belongs to invokestatic (printed below).

siginfo: EXCEPTION_ACCESS_VIOLATION (0xc0000005), reading address 0xffffffffffffffff


Registers:
RAX=0x000001f8dd0c4648, RBX=0x000001f8dd11ef30, RCX=0x000001f8dd0c43f8, RDX=0x0000000000000002
RSP=0x000000efd3ffbc10, RBP=0x000000efd3ffbc70, RSI=0x000001f8e1ffef98, RDI=0x000001f8e21d8db0
R8 =0x0000000000000004, R9 =0x0000000000000004, R10=0x00007ff876670cc0, R11=0x000001f8dd0c4280
R12=0x0000000000000000, R13=0xfffffffffffffff7, R14=0x000000efd3ffbc98, R15=0x000001f8e1cac4b0
RIP=0x000001f8cc4d4c88, EFLAGS=0x0000000000010282


Register to memory mapping:

RAX=0x000001f8dd0c4648 is pointing into metadata
RBX={method} {0x000001f8dd11ef38} 'linkToVirtual' '(Ljava/lang/Object;Ljava/lang/Object;Ljava/lang/invoke/MemberName;)Ljava/lang/Object;' in 'java/lang/invoke/MethodHandle'
RCX=0x000001f8dd0c43f8 is pointing into metadata
RDX=0x0000000000000002 is an unknown value
RSP=0x000000efd3ffbc10 is pointing into the stack for thread: 0x000001f8e1cac4b0
RBP=0x000000efd3ffbc70 is pointing into the stack for thread: 0x000001f8e1cac4b0
RSI=0x000001f8e1ffef98 points into unknown readable memory: 0x88000900806ddbc0 | c0 db 6d 80 00 09 00 88
RDI=0x000001f8e21d8db0 points into unknown readable memory: 0x0000002000000070 | 70 00 00 00 20 00 00 00
R8 =0x0000000000000004 is an unknown value
R9 =0x0000000000000004 is an unknown value
R10=0x00007ff876670cc0 jvm.dll
R11={method} {0x000001f8dd0c4288} 'invokeVirtual' '(Ljava/lang/Object;Ljava/lang/Object;Ljava/lang/Object;)Ljava/lang/Object;' in 'java/lang/invoke/LambdaForm$DMH+0x00000000b721c400'
R12=0x0 is null
R13=0xfffffffffffffff7 is an unknown value
R14=0x000000efd3ffbc98 is pointing into the stack for thread: 0x000001f8e1cac4b0
R15=0x000001f8e1cac4b0 is a thread

Top of Stack: (sp=0x000000efd3ffbc10)
0x000000efd3ffbc10:   000001f8cc4b9727 000000070a6d48d0
0x000000efd3ffbc20:   0000000706350be8 fffffffffffffff7
0x000000efd3ffbc30:   000001f8dd0c4273 0000000000000005
0x000000efd3ffbc40:   000001f8dd0c4428 000001f8dd0c4640
0x000000efd3ffbc50:   0000000702d6c220 000001f8dd0c4280
0x000000efd3ffbc60:   0000000000000000 000000efd3ffbca0
0x000000efd3ffbc70:   0000000706e6b3b8 000001f8c5591d97
0x000000efd3ffbc80:   000000070a6d99b0 000000070a6d48d0
0x000000efd3ffbc90:   0000000706350be8 000000070a6d9b58
0x000000efd3ffbca0:   000000070702afa0 000001f8cca71a81
0x000000efd3ffbcb0:   0000000000000000 0000000706e6b3b8
0x000000efd3ffbcc0:   000000070a6d9dc8 000000070a6d48d0
0x000000efd3ffbcd0:   0000000706350be8 000000070a6d9d78
0x000000efd3ffbce0:   0000000706350be8 000000070a6d9cc0
0x000000efd3ffbcf0:   000000070a6d9b58 000000070a6d48d0
0x000000efd3ffbd00:   000001f8c5591c3c 000000070a6ba9c0
0x000000efd3ffbd10:   0000000706e6b3b8 000001f8ccfdda2a
0x000000efd3ffbd20:   000000070a6d9dc8 000000070a6d48d0
0x000000efd3ffbd30:   00000007070d6fb8 0000000706e6b3b8
0x000000efd3ffbd40:   0000000706350be8 000000070a6bc7f0
0x000000efd3ffbd50:   000000070428a328 000000070a6d9df8
0x000000efd3ffbd60:   000001f8e96c4eb0 0000000706350be8
0x000000efd3ffbd70:   fffffffffffffff7 00000007070d6fb8
0x000000efd3ffbd80:   0000000000000002 000001f8e93ba6d8
0x000000efd3ffbd90:   00000000e14da91a 00000007031fdf40
0x000000efd3ffbda0:   000001f8ccfdcd50 0000000000000000
0x000000efd3ffbdb0:   000000efd3ffbe20 000001f8cc4b9727
0x000000efd3ffbdc0:   000000070a6bc7f0 0000000706350be8
0x000000efd3ffbdd0:   0000000706e6b3b8 fffffffffffffff7
0x000000efd3ffbde0:   000001f8e968fdbf 0000000000000009
0x000000efd3ffbdf0:   000001f8e9d97660 0000000000000000
0x000000efd3ffbe00:   000000070428a328 000001f8e968ff20 

Instructions: (pc=0x000001f8cc4d4c88)
0x000001f8cc4d4b88:   ff d0 48 83 c4 20 ff e0 49 83 7f 08 00 0f 84 05
0x000001f8cc4d4b98:   00 00 00 e9 60 c3 fd ff 4c 8b 6d c0 4c 8b 75 c8
0x000001f8cc4d4ba8:   4e 8d 74 f5 00 c3 48 8b 4d d0 41 0f b7 55 01 48
0x000001f8cc4d4bb8:   8b 49 30 6b d2 18 48 8d 4c 11 08 48 8b 19 48 8b
0x000001f8cc4d4bc8:   5b 08 48 8b 5b 08 48 8b 5b 18 80 bb 20 01 00 00
0x000001f8cc4d4bd8:   05 0f 84 0d 00 00 00 4c 3b bb 30 01 00 00 0f 85
0x000001f8cc4d4be8:   63 fe ff ff 0f b6 51 15 48 8b 19 4c 89 6d c0 44
0x000001f8cc4d4bf8:   8b ea 0f b6 51 14 49 ba c0 0c 67 76 f8 7f 00 00
0x000001f8cc4d4c08:   49 8b 14 d2 52 41 8b d5 4c 8b 6d c0 48 8b 45 d8
0x000001f8cc4d4c18:   48 85 c0 0f 84 12 00 00 00 48 83 40 08 01 48 83
0x000001f8cc4d4c28:   58 08 00 48 83 c0 10 48 89 45 d8 48 8b 45 d8 48
0x000001f8cc4d4c38:   85 c0 0f 84 23 01 00 00 80 78 f0 0a 0f 85 19 01
0x000001f8cc4d4c48:   00 00 48 83 c0 08 4c 8b 68 f8 41 83 ed 00 41 83
0x000001f8cc4d4c58:   fd 02 0f 8c f8 00 00 00 4c 8b 6b 08 45 0f b7 6d
0x000001f8cc4d4c68:   2e 4c 2b 28 41 83 ed 01 4e 8b 6c ec 08 4d 85 ed
0x000001f8cc4d4c78:   75 0e f6 40 08 01 75 4b f0 48 83 48 08 01 eb 43
0x000001f8cc4d4c88:   45 8b 6d 08 4d 8b d5 4c 33 68 08 49 f7 c5 fc ff
0x000001f8cc4d4c98:   ff ff 74 2f 41 f6 c5 02 75 29 48 83 78 08 00 74
0x000001f8cc4d4ca8:   1e 48 83 78 08 01 74 17 4d 8b ea 4c 33 68 08 49
0x000001f8cc4d4cb8:   f7 c5 fc ff ff ff 74 0b 48 83 48 08 02 eb 04 4c
0x000001f8cc4d4cc8:   89 68 08 48 83 c0 10 4c 8b 68 e8 41 83 ed 02 41
0x000001f8cc4d4cd8:   83 fd 02 0f 8c 77 00 00 00 4c 8b 6b 08 45 0f b7
0x000001f8cc4d4ce8:   6d 2e 4c 2b 28 41 83 ed 01 4e 8b 6c ec 08 4d 85
0x000001f8cc4d4cf8:   ed 75 0e f6 40 08 01 75 4b f0 48 83 48 08 01 eb
0x000001f8cc4d4d08:   43 45 8b 6d 08 4d 8b d5 4c 33 68 08 49 f7 c5 fc
0x000001f8cc4d4d18:   ff ff ff 74 2f 41 f6 c5 02 75 29 48 83 78 08 00
0x000001f8cc4d4d28:   74 1e 48 83 78 08 01 74 17 4d 8b ea 4c 33 68 08
0x000001f8cc4d4d38:   49 f7 c5 fc ff ff ff 74 0b 48 83 48 08 02 eb 04
0x000001f8cc4d4d48:   4c 89 68 08 48 83 c0 10 4c 8b 68 d8 41 83 ed 04
0x000001f8cc4d4d58:   41 c1 e5 03 49 03 c5 48 89 45 d8 4c 8d 6c 24 08
0x000001f8cc4d4d68:   49 8b cd 48 2b cd 48 c1 f9 03 48 89 4d f0 41 80
0x000001f8cc4d4d78:   bf e8 05 00 00 00 74 03 ff 63 38 ff 63 50 66 90 


Stack slot to memory mapping:

stack at sp + 0 slots: 0x000001f8cc4b9727 is at code_begin+4775 in an Interpreter codelet
return entry points  [0x000001f8cc4b8480, 0x000001f8cc4ba640]  8640 bytes
stack at sp + 1 slots: 0x000000070a6d48d0 is an oop: com.np.hrms.dto.EntityTypeMasterDTO 
{0x000000070a6d48d0} - klass: 'com/np/hrms/dto/EntityTypeMasterDTO'
 - ---- fields (total size 4 words):
 - private 'active' 'Z' @12  true (0x01)
 - private 'typeId' 'Ljava/lang/String;' @16  "126"{0x000000070a6d48f0} (0xe14da91e)
 - private 'typeName' 'Ljava/lang/String;' @20  "SampleType"{0x000000070a6d4f68} (0xe14da9ed)
 - private 'parentName' 'Ljava/lang/String;' @24  "ParentType"{0x000000070a6d5540} (0xe14daaa8)
 - private 'fields' 'Ljava/util/List;' @28  a 'java/util/ArrayList'{0x000000070a6d5b48} (0xe14dab69)
stack at sp + 2 slots: 0x0000000706350be8 is an oop: com.np.hrms.controllers.RefMasterController 
{0x0000000706350be8} - klass: 'com/np/hrms/controllers/RefMasterController'
 - ---- fields (total size 4 words):
 - private 'refMasterRepository' 'Lcom/np/hrms/repositories/RefMasterRepository;' @12  a 'jdk/proxy42/$Proxy459'{0x00000007065c2058} (0xe0cb840b)
 - private 'typeMasterRepository' 'Lcom/np/hrms/repositories/TypeMasterRepository;' @16  a 'jdk/proxy42/$Proxy456'{0x00000007062df648} (0xe0c5bec9)
 - private 'refMasterService' 'Lcom/np/hrms/services/RefMasterService;' @20  a 'com/np/hrms/services/RefMasterService'{0x00000007063508a0} (0xe0c6a114)
 - private 'sqlDao' 'Lcom/np/hrms/repositories/SqlDAO;' @24  a 'com/np/hrms/repositories/SqlDAO$$SpringCGLIB$$0'{0x0000000706ed1dc8} (0xe0dda3b9)
stack at sp + 3 slots: 0xfffffffffffffff7 is an unknown value
stack at sp + 4 slots: 0x000001f8dd0c4273 is pointing into metadata
stack at sp + 5 slots: 0x0000000000000005 is an unknown value
stack at sp + 6 slots: 0x000001f8dd0c4428 is pointing into metadata
stack at sp + 7 slots: 0x000001f8dd0c4640 is pointing into metadata

invokestatic  184 invokestatic  [0x000001f8cc4d4a00, 0x000001f8cc4d4d88]  904 bytes
[MachCode]
  0x000001f8cc4d4a00: 4883 ec08 | c5fa 1104 | 24eb 1f48 | 83ec 10c5 | fb11 0424 | eb14 4883 | ec10 4889 | 0424 48c7 
  0x000001f8cc4d4a20: 4424 0800 | 0000 00eb | 0150 488b | 4dd0 410f | b755 0148 | 8b49 306b | d218 488d | 4c11 080f 
  0x000001f8cc4d4a40: b659 1681 | fbb8 0000 | 000f 8474 | 0100 00bb | b800 0000 | e805 0000 | 00e9 5001 | 0000 488b 
  0x000001f8cc4d4a60: d348 8d44 | 2408 4c89 | 6dc0 498b | cfc5 f877 | 4989 afb0 | 0300 0049 | 8987 a003 | 0000 4883 
  0x000001f8cc4d4a80: ec20 40f6 | c40f 0f84 | 1900 0000 | 4883 ec08 | 48b8 103a | d675 f87f | 0000 ffd0 | 4883 c408 
  0x000001f8cc4d4aa0: e90c 0000 | 0048 b810 | 3ad6 75f8 | 7f00 00ff | d048 83c4 | 2049 c787 | a003 0000 | 0000 0000 
  0x000001f8cc4d4ac0: 49c7 87b0 | 0300 0000 | 0000 0049 | c787 a803 | 0000 0000 | 0000 c5f8 | 7741 8b8f | 3405 0000 
  0x000001f8cc4d4ae0: f6c1 010f | 8442 0000 | 00f6 c102 | 0f85 3900 | 0000 4883 | ec20 40f6 | c40f 0f84 | 1900 0000 
  0x000001f8cc4d4b00: 4883 ec08 | 48b8 10e4 | d575 f87f | 0000 ffd0 | 4883 c408 | e90c 0000 | 0048 b810 | e4d5 75f8 
  0x000001f8cc4d4b20: 7f00 00ff | d048 83c4 | 20ff e049 | 8b8f e005 | 0000 4885 | c90f 8455 | 0000 008b | 899c 0000 
  0x000001f8cc4d4b40: 0083 f901 | 0f85 4600 | 0000 498b | 8fe0 0500 | 008b 89a0 | 0000 0048 | 83ec 2040 | f6c4 0f0f 
  0x000001f8cc4d4b60: 8419 0000 | 0048 83ec | 0848 b800 | e4d5 75f8 | 7f00 00ff | d048 83c4 | 08e9 0c00 | 0000 48b8 
  0x000001f8cc4d4b80: 00e4 d575 | f87f 0000 | ffd0 4883 | c420 ffe0 | 4983 7f08 | 000f 8405 | 0000 00e9 | 60c3 fdff 
  0x000001f8cc4d4ba0: 4c8b 6dc0 | 4c8b 75c8 | 4e8d 74f5 | 00c3 488b | 4dd0 410f | b755 0148 | 8b49 306b | d218 488d 
  0x000001f8cc4d4bc0: 4c11 0848 | 8b19 488b | 5b08 488b | 5b08 488b | 5b18 80bb | 2001 0000 | 050f 840d | 0000 004c 
  0x000001f8cc4d4be0: 3bbb 3001 | 0000 0f85 | 63fe ffff | 0fb6 5115 | 488b 194c | 896d c044 | 8bea 0fb6 | 5114 49ba 
  0x000001f8cc4d4c00: c00c 6776 | f87f 0000 | 498b 14d2 | 5241 8bd5 | 4c8b 6dc0 | 488b 45d8 | 4885 c00f | 8412 0000 
  0x000001f8cc4d4c20: 0048 8340 | 0801 4883 | 5808 0048 | 83c0 1048 | 8945 d848 | 8b45 d848 | 85c0 0f84 | 2301 0000 
  0x000001f8cc4d4c40: 8078 f00a | 0f85 1901 | 0000 4883 | c008 4c8b | 68f8 4183 | ed00 4183 | fd02 0f8c | f800 0000 
  0x000001f8cc4d4c60: 4c8b 6b08 | 450f b76d | 2e4c 2b28 | 4183 ed01 | 4e8b 6cec | 084d 85ed | 750e f640 | 0801 754b 
  0x000001f8cc4d4c80: f048 8348 | 0801 eb43 | 458b 6d08 | 4d8b d54c | 3368 0849 | f7c5 fcff | ffff 742f | 41f6 c502 
  0x000001f8cc4d4ca0: 7529 4883 | 7808 0074 | 1e48 8378 | 0801 7417 | 4d8b ea4c | 3368 0849 | f7c5 fcff | ffff 740b 
  0x000001f8cc4d4cc0: 4883 4808 | 02eb 044c | 8968 0848 | 83c0 104c | 8b68 e841 | 83ed 0241 | 83fd 020f | 8c77 0000 
  0x000001f8cc4d4ce0: 004c 8b6b | 0845 0fb7 | 6d2e 4c2b | 2841 83ed | 014e 8b6c | ec08 4d85 | ed75 0ef6 | 4008 0175 
  0x000001f8cc4d4d00: 4bf0 4883 | 4808 01eb | 4345 8b6d | 084d 8bd5 | 4c33 6808 | 49f7 c5fc | ffff ff74 | 2f41 f6c5 
  0x000001f8cc4d4d20: 0275 2948 | 8378 0800 | 741e 4883 | 7808 0174 | 174d 8bea | 4c33 6808 | 49f7 c5fc | ffff ff74 
  0x000001f8cc4d4d40: 0b48 8348 | 0802 eb04 | 4c89 6808 | 4883 c010 | 4c8b 68d8 | 4183 ed04 | 41c1 e503 | 4903 c548 
  0x000001f8cc4d4d60: 8945 d84c | 8d6c 2408 | 498b cd48 | 2bcd 48c1 | f903 4889 | 4df0 4180 | bfe8 0500 | 0000 7403 
  0x000001f8cc4d4d80: ff63 38ff | 6350 6690 
[/MachCode]

---------------  P R O C E S S  ---------------

Threads class SMR info:
_java_thread_list=0x000001f8e5a9e8d0, length=20, elements={
0x000001f8db8a4950, 0x000001f8db8a5610, 0x000001f8db902520, 0x000001f8db8f80e0,
0x000001f8db8f8b40, 0x000001f8db8f95a0, 0x000001f8db904f90, 0x000001f8db8d0950,
0x000001f8db9e0240, 0x000001f8dbbf8de0, 0x000001f8dbc3e320, 0x000001f8dbc3e9b0,
0x000001f8db9dd450, 0x000001f8db9ddae0, 0x000001f8ed9c8a60, 0x000001f8ed9c76b0,
0x000001f8ed9c7d40, 0x000001f8ed9c83d0, 0x000001f8e1cac4b0, 0x000001f8e1ca9030
}

Java Threads: ( => current thread )
  0x000001f8db8a4950 JavaThread "Reference Handler"          daemon [_thread_blocked, id=12908, stack(0x000000efd2100000,0x000000efd2200000) (1024K)]
  0x000001f8db8a5610 JavaThread "Finalizer"                  daemon [_thread_blocked, id=2448, stack(0x000000efd2200000,0x000000efd2300000) (1024K)]
  0x000001f8db902520 JavaThread "Signal Dispatcher"          daemon [_thread_blocked, id=11940, stack(0x000000efd2300000,0x000000efd2400000) (1024K)]
  0x000001f8db8f80e0 JavaThread "Attach Listener"            daemon [_thread_blocked, id=12384, stack(0x000000efd2400000,0x000000efd2500000) (1024K)]
  0x000001f8db8f8b40 JavaThread "Service Thread"             daemon [_thread_blocked, id=12344, stack(0x000000efd2500000,0x000000efd2600000) (1024K)]
  0x000001f8db8f95a0 JavaThread "Monitor Deflation Thread"   daemon [_thread_blocked, id=16300, stack(0x000000efd2600000,0x000000efd2700000) (1024K)]
  0x000001f8db904f90 JavaThread "C2 CompilerThread0"         daemon [_thread_blocked, id=8828, stack(0x000000efd2700000,0x000000efd2800000) (1024K)]
  0x000001f8db8d0950 JavaThread "C1 CompilerThread0"         daemon [_thread_blocked, id=15048, stack(0x000000efd2800000,0x000000efd2900000) (1024K)]
  0x000001f8db9e0240 JavaThread "Common-Cleaner"             daemon [_thread_blocked, id=4088, stack(0x000000efd2900000,0x000000efd2a00000) (1024K)]
  0x000001f8dbbf8de0 JavaThread "JDWP Transport Listener: dt_socket" daemon [_thread_blocked, id=10632, stack(0x000000efd2a00000,0x000000efd2b00000) (1024K)]
  0x000001f8dbc3e320 JavaThread "JDWP Event Helper Thread"   daemon [_thread_blocked, id=12580, stack(0x000000efd2b00000,0x000000efd2c00000) (1024K)]
  0x000001f8dbc3e9b0 JavaThread "JDWP Command Reader"        daemon [_thread_in_native, id=15460, stack(0x000000efd2c00000,0x000000efd2d00000) (1024K)]
  0x000001f8db9dd450 JavaThread "Notification Thread"        daemon [_thread_blocked, id=9848, stack(0x000000efd2d00000,0x000000efd2e00000) (1024K)]
  0x000001f8db9ddae0 JavaThread "mysql-cj-abandoned-connection-cleanup" daemon [_thread_blocked, id=11772, stack(0x000000efd3600000,0x000000efd3700000) (1024K)]
  0x000001f8ed9c8a60 JavaThread "DestroyJavaVM"                     [_thread_blocked, id=16348, stack(0x000000efd1900000,0x000000efd1a00000) (1024K)]
  0x000001f8ed9c76b0 JavaThread "Catalina-utility-1"                [_thread_blocked, id=15988, stack(0x000000efd3700000,0x000000efd3800000) (1024K)]
  0x000001f8ed9c7d40 JavaThread "Catalina-utility-2"                [_thread_blocked, id=7224, stack(0x000000efd3800000,0x000000efd3900000) (1024K)]
  0x000001f8ed9c83d0 JavaThread "container-0"                       [_thread_blocked, id=1124, stack(0x000000efd3900000,0x000000efd3a00000) (1024K)]
=>0x000001f8e1cac4b0 JavaThread "http-nio-8080-exec-5"       daemon [_thread_in_Java, id=9360, stack(0x000000efd3f00000,0x000000efd4000000) (1024K)]
  0x000001f8e1ca9030 JavaThread "Thread-77"                         [_thread_blocked, id=9972, stack(0x000000efd1600000,0x000000efd1700000) (1024K)]
Total: 20

Other Threads:
  0x000001f8db858510 VMThread "VM Thread"                           [id=11952, stack(0x000000efd2000000,0x000000efd2100000) (1024K)]
  0x000001f8db7d5a00 WatcherThread "VM Periodic Task Thread"        [id=6464, stack(0x000000efd1f00000,0x000000efd2000000) (1024K)]
  0x000001f8c1500a50 WorkerThread "GC Thread#0"                     [id=5796, stack(0x000000efd1a00000,0x000000efd1b00000) (1024K)]
  0x000001f8e0da34c0 WorkerThread "GC Thread#1"                     [id=9448, stack(0x000000efd2f00000,0x000000efd3000000) (1024K)]
  0x000001f8e0da3870 WorkerThread "GC Thread#2"                     [id=2744, stack(0x000000efd3000000,0x000000efd3100000) (1024K)]
  0x000001f8e0da3c20 WorkerThread "GC Thread#3"                     [id=13508, stack(0x000000efd3100000,0x000000efd3200000) (1024K)]
  0x000001f8e0da3fd0 WorkerThread "GC Thread#4"                     [id=13664, stack(0x000000efd3200000,0x000000efd3300000) (1024K)]
  0x000001f8e0da4380 WorkerThread "GC Thread#5"                     [id=6352, stack(0x000000efd3300000,0x000000efd3400000) (1024K)]
  0x000001f8c1513ea0 ConcurrentGCThread "G1 Main Marker"            [id=7264, stack(0x000000efd1b00000,0x000000efd1c00000) (1024K)]
  0x000001f8c1515cd0 WorkerThread "G1 Conc#0"                       [id=15680, stack(0x000000efd1c00000,0x000000efd1d00000) (1024K)]
  0x000001f8e162b040 WorkerThread "G1 Conc#1"                       [id=6868, stack(0x000000efd2e00000,0x000000efd2f00000) (1024K)]
  0x000001f8c154e870 ConcurrentGCThread "G1 Refine#0"               [id=15920, stack(0x000000efd1d00000,0x000000efd1e00000) (1024K)]
  0x000001f8db6ab5e0 ConcurrentGCThread "G1 Service"                [id=15984, stack(0x000000efd1e00000,0x000000efd1f00000) (1024K)]
Total: 13

Threads with active compile tasks:
Total: 0

VM state: not at safepoint (normal execution)

VM Mutex/Monitor currently owned by a thread: None

Heap address: 0x0000000702200000, size: 4062 MB, Compressed Oops mode: Zero based, Oop shift amount: 3

CDS archive(s) not mapped
Compressed class space mapped at: 0x00000000b7000000-0x00000000f7000000, reserved size: 1073741824
Narrow klass base: 0x0000000000000000, Narrow klass shift: 0, Narrow klass range: 0xf7000000

GC Precious Log:
 CardTable entry size: 512
 Card Set container configuration: InlinePtr #cards 4 size 8 Array Of Cards #cards 16 size 48 Howl #buckets 8 coarsen threshold 3686 Howl Bitmap #cards 512 size 80 coarsen threshold 460 Card regions per heap region 1 cards per card region 4096
 CPUs: 6 total, 6 available
 Memory: 16246M
 Large Page Support: Disabled
 NUMA Support: Disabled
 Compressed Oops: Enabled (Zero based)
 Heap Region Size: 2M
 Heap Min Capacity: 8M
 Heap Initial Capacity: 254M
 Heap Max Capacity: 4062M
 Pre-touch: Disabled
 Parallel Workers: 6
 Concurrent Workers: 2
 Concurrent Refinement Workers: 6
 Periodic GC: Disabled

Heap:
 garbage-first heap   total reserved 4159488K, committed 143360K, used 79643K [0x0000000702200000, 0x0000000800000000)
  region size 2048K, 13 young (26624K), 5 survivors (10240K)
 Metaspace       used 111855K, committed 113024K, reserved 1179648K
  class space    used 13134K, committed 13760K, reserved 1048576K

Heap Regions: E=young(eden), S=young(survivor), O=old, HS=humongous(starts), HC=humongous(continues), CS=collection set, F=free, TAMS=top-at-mark-start, PB=parsable bottom
|   0|0x0000000702200000, 0x0000000702400000, 0x0000000702400000|100%| O|  |TAMS 0x0000000702200000| PB 0x0000000702200000| Untracked |  0
|   1|0x0000000702400000, 0x00000007025fffc8, 0x0000000702600000| 99%| O|  |TAMS 0x0000000702400000| PB 0x0000000702400000| Untracked |  0
|   2|0x0000000702600000, 0x0000000702800000, 0x0000000702800000|100%| O|  |TAMS 0x0000000702600000| PB 0x0000000702600000| Untracked |  0
|   3|0x0000000702800000, 0x00000007029fffd0, 0x0000000702a00000| 99%| O|  |TAMS 0x0000000702800000| PB 0x0000000702800000| Untracked |  0
|   4|0x0000000702a00000, 0x0000000702c00000, 0x0000000702c00000|100%| O|  |TAMS 0x0000000702a00000| PB 0x0000000702a00000| Untracked |  0
|   5|0x0000000702c00000, 0x0000000702dffff8, 0x0000000702e00000| 99%| O|  |TAMS 0x0000000702c00000| PB 0x0000000702c00000| Untracked |  0
|   6|0x0000000702e00000, 0x0000000702ffffe0, 0x0000000703000000| 99%| O|  |TAMS 0x0000000702e00000| PB 0x0000000702e00000| Untracked |  0
|   7|0x0000000703000000, 0x00000007031fffb8, 0x0000000703200000| 99%| O|  |TAMS 0x0000000703000000| PB 0x0000000703000000| Untracked |  0
|   8|0x0000000703200000, 0x0000000703400000, 0x0000000703400000|100%| O|  |TAMS 0x0000000703200000| PB 0x0000000703200000| Untracked |  0
|   9|0x0000000703400000, 0x0000000703600000, 0x0000000703600000|100%| O|  |TAMS 0x0000000703400000| PB 0x0000000703400000| Untracked |  0
|  10|0x0000000703600000, 0x00000007037ffff0, 0x0000000703800000| 99%| O|  |TAMS 0x0000000703600000| PB 0x0000000703600000| Untracked |  0
|  11|0x0000000703800000, 0x00000007039fff48, 0x0000000703a00000| 99%| O|  |TAMS 0x0000000703800000| PB 0x0000000703800000| Untracked |  0
|  12|0x0000000703a00000, 0x0000000703bff610, 0x0000000703c00000| 99%| O|  |TAMS 0x0000000703a00000| PB 0x0000000703a00000| Untracked |  0
|  13|0x0000000703c00000, 0x0000000703dfffe0, 0x0000000703e00000| 99%| O|  |TAMS 0x0000000703c00000| PB 0x0000000703c00000| Untracked |  0
|  14|0x0000000703e00000, 0x0000000703ffffe0, 0x0000000704000000| 99%| O|  |TAMS 0x0000000703e00000| PB 0x0000000703e00000| Untracked |  0
|  15|0x0000000704000000, 0x00000007041ffff0, 0x0000000704200000| 99%| O|  |TAMS 0x0000000704000000| PB 0x0000000704000000| Untracked |  0
|  16|0x0000000704200000, 0x0000000704400000, 0x0000000704400000|100%| O|  |TAMS 0x0000000704200000| PB 0x0000000704200000| Untracked |  0
|  17|0x0000000704400000, 0x00000007045ffff8, 0x0000000704600000| 99%| O|  |TAMS 0x0000000704400000| PB 0x0000000704400000| Untracked |  0
|  18|0x0000000704600000, 0x00000007047fffd0, 0x0000000704800000| 99%| O|  |TAMS 0x0000000704600000| PB 0x0000000704600000| Untracked |  0
|  19|0x0000000704800000, 0x00000007049fffd0, 0x0000000704a00000| 99%| O|  |TAMS 0x0000000704800000| PB 0x0000000704800000| Untracked |  0
|  20|0x0000000704a00000, 0x0000000704bffff0, 0x0000000704c00000| 99%| O|  |TAMS 0x0000000704a00000| PB 0x0000000704a00000| Untracked |  0
|  21|0x0000000704c00000, 0x0000000704e00000, 0x0000000704e00000|100%| O|  |TAMS 0x0000000704c00000| PB 0x0000000704c00000| Untracked |  0
|  22|0x0000000704e00000, 0x0000000704ffffe8, 0x0000000705000000| 99%| O|  |TAMS 0x0000000704e00000| PB 0x0000000704e00000| Untracked |  0
|  23|0x0000000705000000, 0x00000007051ffff8, 0x0000000705200000| 99%| O|  |TAMS 0x0000000705000000| PB 0x0000000705000000| Untracked |  0
|  24|0x0000000705200000, 0x00000007053ffff0, 0x0000000705400000| 99%| O|  |TAMS 0x0000000705200000| PB 0x0000000705200000| Untracked |  0
|  25|0x0000000705400000, 0x000000070540d088, 0x0000000705600000|  2%| O|Cm|TAMS 0x0000000705400000| PB 0x0000000705400000| Complete |  0
|  26|0x0000000705600000, 0x00000007056ea5c8, 0x0000000705800000| 45%| O|  |TAMS 0x0000000705600000| PB 0x0000000705600000| Untracked |  0
|  27|0x0000000705800000, 0x00000007059fffd8, 0x0000000705a00000| 99%| O|  |TAMS 0x0000000705800000| PB 0x0000000705800000| Untracked |  0
|  28|0x0000000705a00000, 0x0000000705aa36e0, 0x0000000705c00000| 31%| O|  |TAMS 0x0000000705a00000| PB 0x0000000705a00000| Untracked |  0
|  29|0x0000000705c00000, 0x0000000705c17da0, 0x0000000705e00000|  4%| O|  |TAMS 0x0000000705c00000| PB 0x0000000705c00000| Untracked |  0
|  30|0x0000000705e00000, 0x0000000705e00000, 0x0000000706000000|  0%| F|  |TAMS 0x0000000705e00000| PB 0x0000000705e00000| Untracked |  0
|  31|0x0000000706000000, 0x0000000706014fa0, 0x0000000706200000|  4%| O|  |TAMS 0x0000000706000000| PB 0x0000000706000000| Untracked |  0
|  32|0x0000000706200000, 0x0000000706400000, 0x0000000706400000|100%| S|CS|TAMS 0x0000000706200000| PB 0x0000000706200000| Complete |  0
|  33|0x0000000706400000, 0x0000000706600000, 0x0000000706600000|100%| S|CS|TAMS 0x0000000706400000| PB 0x0000000706400000| Complete |  0
|  34|0x0000000706600000, 0x0000000706600000, 0x0000000706800000|  0%| F|  |TAMS 0x0000000706600000| PB 0x0000000706600000| Untracked |  0
|  35|0x0000000706800000, 0x0000000706800000, 0x0000000706a00000|  0%| F|  |TAMS 0x0000000706800000| PB 0x0000000706800000| Untracked |  0
|  36|0x0000000706a00000, 0x0000000706a00000, 0x0000000706c00000|  0%| F|  |TAMS 0x0000000706a00000| PB 0x0000000706a00000| Untracked |  0
|  37|0x0000000706c00000, 0x0000000706e00000, 0x0000000706e00000|100%| S|CS|TAMS 0x0000000706c00000| PB 0x0000000706c00000| Complete |  0
|  38|0x0000000706e00000, 0x0000000707000000, 0x0000000707000000|100%| S|CS|TAMS 0x0000000706e00000| PB 0x0000000706e00000| Complete |  0
|  39|0x0000000707000000, 0x0000000707200000, 0x0000000707200000|100%| S|CS|TAMS 0x0000000707000000| PB 0x0000000707000000| Complete |  0
|  40|0x0000000707200000, 0x0000000707200000, 0x0000000707400000|  0%| F|  |TAMS 0x0000000707200000| PB 0x0000000707200000| Untracked |  0
|  41|0x0000000707400000, 0x0000000707400000, 0x0000000707600000|  0%| F|  |TAMS 0x0000000707400000| PB 0x0000000707400000| Untracked |  0
|  42|0x0000000707600000, 0x0000000707600000, 0x0000000707800000|  0%| F|  |TAMS 0x0000000707600000| PB 0x0000000707600000| Untracked |  0
|  43|0x0000000707800000, 0x0000000707800000, 0x0000000707a00000|  0%| F|  |TAMS 0x0000000707800000| PB 0x0000000707800000| Untracked |  0
|  44|0x0000000707a00000, 0x0000000707a00000, 0x0000000707c00000|  0%| F|  |TAMS 0x0000000707a00000| PB 0x0000000707a00000| Untracked |  0
|  45|0x0000000707c00000, 0x0000000707c00000, 0x0000000707e00000|  0%| F|  |TAMS 0x0000000707c00000| PB 0x0000000707c00000| Untracked |  0
|  46|0x0000000707e00000, 0x0000000707e00000, 0x0000000708000000|  0%| F|  |TAMS 0x0000000707e00000| PB 0x0000000707e00000| Untracked |  0
|  47|0x0000000708000000, 0x0000000708000000, 0x0000000708200000|  0%| F|  |TAMS 0x0000000708000000| PB 0x0000000708000000| Untracked |  0
|  48|0x0000000708200000, 0x0000000708200000, 0x0000000708400000|  0%| F|  |TAMS 0x0000000708200000| PB 0x0000000708200000| Untracked |  0
|  49|0x0000000708400000, 0x0000000708400000, 0x0000000708600000|  0%| F|  |TAMS 0x0000000708400000| PB 0x0000000708400000| Untracked |  0
|  50|0x0000000708600000, 0x0000000708600000, 0x0000000708800000|  0%| F|  |TAMS 0x0000000708600000| PB 0x0000000708600000| Untracked |  0
|  51|0x0000000708800000, 0x0000000708800000, 0x0000000708a00000|  0%| F|  |TAMS 0x0000000708800000| PB 0x0000000708800000| Untracked |  0
|  52|0x0000000708a00000, 0x0000000708a00000, 0x0000000708c00000|  0%| F|  |TAMS 0x0000000708a00000| PB 0x0000000708a00000| Untracked |  0
|  53|0x0000000708c00000, 0x0000000708c00000, 0x0000000708e00000|  0%| F|  |TAMS 0x0000000708c00000| PB 0x0000000708c00000| Untracked |  0
|  54|0x0000000708e00000, 0x0000000708e00000, 0x0000000709000000|  0%| F|  |TAMS 0x0000000708e00000| PB 0x0000000708e00000| Untracked |  0
|  55|0x0000000709000000, 0x0000000709000000, 0x0000000709200000|  0%| F|  |TAMS 0x0000000709000000| PB 0x0000000709000000| Untracked |  0
|  56|0x0000000709200000, 0x0000000709200000, 0x0000000709400000|  0%| F|  |TAMS 0x0000000709200000| PB 0x0000000709200000| Untracked |  0
|  57|0x0000000709400000, 0x0000000709400000, 0x0000000709600000|  0%| F|  |TAMS 0x0000000709400000| PB 0x0000000709400000| Untracked |  0
|  58|0x0000000709600000, 0x0000000709600000, 0x0000000709800000|  0%| F|  |TAMS 0x0000000709600000| PB 0x0000000709600000| Untracked |  0
|  59|0x0000000709800000, 0x0000000709800000, 0x0000000709a00000|  0%| F|  |TAMS 0x0000000709800000| PB 0x0000000709800000| Untracked |  0
|  60|0x0000000709a00000, 0x0000000709a00000, 0x0000000709c00000|  0%| F|  |TAMS 0x0000000709a00000| PB 0x0000000709a00000| Untracked |  0
|  61|0x0000000709c00000, 0x0000000709c00000, 0x0000000709e00000|  0%| F|  |TAMS 0x0000000709c00000| PB 0x0000000709c00000| Untracked |  0
|  62|0x0000000709e00000, 0x0000000709e92598, 0x000000070a000000| 28%| E|  |TAMS 0x0000000709e00000| PB 0x0000000709e00000| Complete |  0
|  63|0x000000070a000000, 0x000000070a200000, 0x000000070a200000|100%| E|CS|TAMS 0x000000070a000000| PB 0x000000070a000000| Complete |  0
|  64|0x000000070a200000, 0x000000070a400000, 0x000000070a400000|100%| E|CS|TAMS 0x000000070a200000| PB 0x000000070a200000| Complete |  0
|  65|0x000000070a400000, 0x000000070a600000, 0x000000070a600000|100%| E|CS|TAMS 0x000000070a400000| PB 0x000000070a400000| Complete |  0
|  66|0x000000070a600000, 0x000000070a800000, 0x000000070a800000|100%| E|CS|TAMS 0x000000070a600000| PB 0x000000070a600000| Complete |  0
|  67|0x000000070a800000, 0x000000070aa00000, 0x000000070aa00000|100%| E|CS|TAMS 0x000000070a800000| PB 0x000000070a800000| Complete |  0
|  68|0x000000070aa00000, 0x000000070ac00000, 0x000000070ac00000|100%| E|CS|TAMS 0x000000070aa00000| PB 0x000000070aa00000| Complete |  0
|  69|0x000000070ac00000, 0x000000070ae00000, 0x000000070ae00000|100%| E|CS|TAMS 0x000000070ac00000| PB 0x000000070ac00000| Complete |  0

Card table byte_map: [0x000001f8d4880000,0x000001f8d5070000] _byte_map_base: 0x000001f8d106f000

Marking Bits: (CMBitMap*) 0x000001f8c1501070
 Bits: [0x000001f8d5070000, 0x000001f8d8fe8000)

Polling page: 0x000001f8bf480000

Metaspace:

Usage:
  Non-class:     96.41 MB used.
      Class:     12.83 MB used.
       Both:    109.23 MB used.

Virtual space:
  Non-class space:      128.00 MB reserved,      96.94 MB ( 76%) committed,  2 nodes.
      Class space:        1.00 GB reserved,      13.44 MB (  1%) committed,  1 nodes.
             Both:        1.12 GB reserved,     110.38 MB ( 10%) committed. 

Chunk freelists:
   Non-Class:  14.43 MB
       Class:  2.67 MB
        Both:  17.10 MB

MaxMetaspaceSize: unlimited
CompressedClassSpaceSize: 1.00 GB
Initial GC threshold: 21.00 MB
Current GC threshold: 183.38 MB
CDS: off
 - commit_granule_bytes: 65536.
 - commit_granule_words: 8192.
 - virtual_space_node_default_size: 8388608.
 - enlarge_chunks_in_place: 1.
 - use_allocation_guard: 0.


Internal statistics:

num_allocs_failed_limit: 9.
num_arena_births: 1448.
num_arena_deaths: 412.
num_vsnodes_births: 3.
num_vsnodes_deaths: 0.
num_space_committed: 1766.
num_space_uncommitted: 0.
num_chunks_returned_to_freelist: 522.
num_chunks_taken_from_freelist: 5765.
num_chunk_merges: 135.
num_chunk_splits: 3949.
num_chunks_enlarged: 2979.
num_inconsistent_stats: 0.

CodeHeap 'non-profiled nmethods': size=120000Kb used=13182Kb max_used=13182Kb free=106817Kb
 bounds [0x000001f8cca50000, 0x000001f8cd750000, 0x000001f8d3f80000]
CodeHeap 'profiled nmethods': size=120000Kb used=21825Kb max_used=22155Kb free=98174Kb
 bounds [0x000001f8c4f80000, 0x000001f8c6560000, 0x000001f8cc4b0000]
CodeHeap 'non-nmethods': size=5760Kb used=1759Kb max_used=1885Kb free=4000Kb
 bounds [0x000001f8cc4b0000, 0x000001f8cc720000, 0x000001f8cca50000]
 total_blobs=10993 nmethods=10266 adapters=630
 compilation: enabled
              stopped_count=0, restarted_count=0
 full_count=0

Compilation events (20 events):
Event: 4228.970 Thread 0x000001f8db8d0950 20469       3       com.mysql.cj.result.IntegerValueFactory::<init> (6 bytes)
Event: 4228.970 Thread 0x000001f8db8d0950 nmethod 20469 0x000001f8c59db610 code [0x000001f8c59db7c0, 0x000001f8c59db970]
Event: 4269.155 Thread 0x000001f8db8d0950 20470       3       java.util.regex.Pattern$CharPropertyGreedy::study (45 bytes)
Event: 4269.155 Thread 0x000001f8db904f90 20471       4       org.springframework.context.event.GenericApplicationListenerAdapter::resolveDeclaredEventType (57 bytes)
Event: 4269.155 Thread 0x000001f8db8d0950 nmethod 20470 0x000001f8c5241690 code [0x000001f8c5241840, 0x000001f8c5241a80]
Event: 4269.158 Thread 0x000001f8db904f90 nmethod 20471 0x000001f8cd4cf610 code [0x000001f8cd4cf7e0, 0x000001f8cd4cfac0]
Event: 4274.166 Thread 0x000001f8db8d0950 20472       3       java.time.ZonedDateTime::create (29 bytes)
Event: 4274.167 Thread 0x000001f8db8d0950 nmethod 20472 0x000001f8c5c44c90 code [0x000001f8c5c44e60, 0x000001f8c5c452a8]
Event: 4274.167 Thread 0x000001f8db8d0950 20473       3       java.time.zone.ZoneRules::getOffset (153 bytes)
Event: 4274.168 Thread 0x000001f8db8d0950 nmethod 20473 0x000001f8c5e9ac90 code [0x000001f8c5e9aea0, 0x000001f8c5e9b438]
Event: 4274.168 Thread 0x000001f8db8d0950 20475       3       com.zaxxer.hikari.util.FastList::remove (77 bytes)
Event: 4274.168 Thread 0x000001f8db8d0950 nmethod 20475 0x000001f8c514ea10 code [0x000001f8c514ebe0, 0x000001f8c514f0c8]
Event: 4274.168 Thread 0x000001f8db8d0950 20474       3       com.zaxxer.hikari.util.FastList::<init> (22 bytes)
Event: 4274.169 Thread 0x000001f8db8d0950 nmethod 20474 0x000001f8c5253c90 code [0x000001f8c5253e60, 0x000001f8c52541f0]
Event: 4274.169 Thread 0x000001f8db8d0950 20476       3       java.util.concurrent.LinkedBlockingQueue::dequeue (32 bytes)
Event: 4274.170 Thread 0x000001f8db8d0950 nmethod 20476 0x000001f8c532ab10 code [0x000001f8c532acc0, 0x000001f8c532aee8]
Event: 4274.170 Thread 0x000001f8db8d0950 20477       3       java.util.concurrent.atomic.AtomicInteger::getAndDecrement (12 bytes)
Event: 4274.170 Thread 0x000001f8db8d0950 nmethod 20477 0x000001f8c51c7d10 code [0x000001f8c51c7ea0, 0x000001f8c51c7fb8]
Event: 4274.170 Thread 0x000001f8db8d0950 20478   !   3       java.util.logging.LogManager::initializeGlobalHandlers (92 bytes)
Event: 4274.171 Thread 0x000001f8db8d0950 nmethod 20478 0x000001f8c5703a10 code [0x000001f8c5703cc0, 0x000001f8c5704a50]

GC Heap History (20 events):
Event: 3828.786 GC heap before
{Heap before GC invocations=86 (full 16):
 garbage-first heap   total reserved 4159488K, committed 143360K, used 124234K [0x0000000702200000, 0x0000000800000000)
  region size 2048K, 36 young (73728K), 3 survivors (6144K)
 Metaspace       used 108667K, committed 109760K, reserved 1179648K
  class space    used 12958K, committed 13504K, reserved 1048576K
}
Event: 3828.789 GC heap after
{Heap after GC invocations=87 (full 16):
 garbage-first heap   total reserved 4159488K, committed 143360K, used 60451K [0x0000000702200000, 0x0000000800000000)
  region size 2048K, 3 young (6144K), 3 survivors (6144K)
 Metaspace       used 108667K, committed 109760K, reserved 1179648K
  class space    used 12958K, committed 13504K, reserved 1048576K
}
Event: 3836.790 GC heap before
{Heap before GC invocations=87 (full 16):
 garbage-first heap   total reserved 4159488K, committed 143360K, used 62499K [0x0000000702200000, 0x0000000800000000)
  region size 2048K, 5 young (10240K), 3 survivors (6144K)
 Metaspace       used 108685K, committed 109760K, reserved 1179648K
  class space    used 12958K, committed 13504K, reserved 1048576K
}
Event: 3836.838 GC heap after
{Heap after GC invocations=88 (full 17):
 garbage-first heap   total reserved 4159488K, committed 143360K, used 51658K [0x0000000702200000, 0x0000000800000000)
  region size 2048K, 0 young (0K), 0 survivors (0K)
 Metaspace       used 108639K, committed 109760K, reserved 1179648K
  class space    used 12956K, committed 13504K, reserved 1048576K
}
Event: 3837.575 GC heap before
{Heap before GC invocations=88 (full 17):
 garbage-first heap   total reserved 4159488K, committed 143360K, used 123338K [0x0000000702200000, 0x0000000800000000)
  region size 2048K, 36 young (73728K), 0 survivors (0K)
 Metaspace       used 109121K, committed 110208K, reserved 1179648K
  class space    used 12997K, committed 13568K, reserved 1048576K
}
Event: 3837.578 GC heap after
{Heap after GC invocations=89 (full 17):
 garbage-first heap   total reserved 4159488K, committed 143360K, used 57306K [0x0000000702200000, 0x0000000800000000)
  region size 2048K, 3 young (6144K), 3 survivors (6144K)
 Metaspace       used 109121K, committed 110208K, reserved 1179648K
  class space    used 12997K, committed 13568K, reserved 1048576K
}
Event: 3879.366 GC heap before
{Heap before GC invocations=90 (full 17):
 garbage-first heap   total reserved 4159488K, committed 143360K, used 124890K [0x0000000702200000, 0x0000000800000000)
  region size 2048K, 36 young (73728K), 3 survivors (6144K)
 Metaspace       used 109743K, committed 110976K, reserved 1179648K
  class space    used 13040K, committed 13632K, reserved 1048576K
}
Event: 3879.370 GC heap after
{Heap after GC invocations=91 (full 17):
 garbage-first heap   total reserved 4159488K, committed 143360K, used 61049K [0x0000000702200000, 0x0000000800000000)
  region size 2048K, 3 young (6144K), 3 survivors (6144K)
 Metaspace       used 109743K, committed 110976K, reserved 1179648K
  class space    used 13040K, committed 13632K, reserved 1048576K
}
Event: 3908.832 GC heap before
{Heap before GC invocations=91 (full 17):
 garbage-first heap   total reserved 4159488K, committed 143360K, used 65145K [0x0000000702200000, 0x0000000800000000)
  region size 2048K, 6 young (12288K), 3 survivors (6144K)
 Metaspace       used 109746K, committed 110976K, reserved 1179648K
  class space    used 13040K, committed 13632K, reserved 1048576K
}
Event: 3908.884 GC heap after
{Heap after GC invocations=92 (full 18):
 garbage-first heap   total reserved 4159488K, committed 143360K, used 52352K [0x0000000702200000, 0x0000000800000000)
  region size 2048K, 0 young (0K), 0 survivors (0K)
 Metaspace       used 109700K, committed 110976K, reserved 1179648K
  class space    used 13038K, committed 13632K, reserved 1048576K
}
Event: 3909.578 GC heap before
{Heap before GC invocations=92 (full 18):
 garbage-first heap   total reserved 4159488K, committed 143360K, used 124032K [0x0000000702200000, 0x0000000800000000)
  region size 2048K, 36 young (73728K), 0 survivors (0K)
 Metaspace       used 110163K, committed 111360K, reserved 1179648K
  class space    used 13078K, committed 13632K, reserved 1048576K
}
Event: 3909.581 GC heap after
{Heap after GC invocations=93 (full 18):
 garbage-first heap   total reserved 4159488K, committed 143360K, used 57997K [0x0000000702200000, 0x0000000800000000)
  region size 2048K, 3 young (6144K), 3 survivors (6144K)
 Metaspace       used 110163K, committed 111360K, reserved 1179648K
  class space    used 13078K, committed 13632K, reserved 1048576K
}
Event: 3946.840 GC heap before
{Heap before GC invocations=94 (full 18):
 garbage-first heap   total reserved 4159488K, committed 143360K, used 125581K [0x0000000702200000, 0x0000000800000000)
  region size 2048K, 36 young (73728K), 3 survivors (6144K)
 Metaspace       used 110821K, committed 112000K, reserved 1179648K
  class space    used 13124K, committed 13696K, reserved 1048576K
}
Event: 3946.848 GC heap after
{Heap after GC invocations=95 (full 18):
 garbage-first heap   total reserved 4159488K, committed 143360K, used 62402K [0x0000000702200000, 0x0000000800000000)
  region size 2048K, 3 young (6144K), 3 survivors (6144K)
 Metaspace       used 110821K, committed 112000K, reserved 1179648K
  class space    used 13124K, committed 13696K, reserved 1048576K
}
Event: 4225.922 GC heap before
{Heap before GC invocations=95 (full 18):
 garbage-first heap   total reserved 4159488K, committed 143360K, used 95170K [0x0000000702200000, 0x0000000800000000)
  region size 2048K, 20 young (40960K), 3 survivors (6144K)
 Metaspace       used 110917K, committed 112064K, reserved 1179648K
  class space    used 13128K, committed 13696K, reserved 1048576K
}
Event: 4225.976 GC heap after
{Heap after GC invocations=96 (full 19):
 garbage-first heap   total reserved 4159488K, committed 143360K, used 54972K [0x0000000702200000, 0x0000000800000000)
  region size 2048K, 0 young (0K), 0 survivors (0K)
 Metaspace       used 110871K, committed 112064K, reserved 1179648K
  class space    used 13125K, committed 13696K, reserved 1048576K
}
Event: 4226.723 GC heap before
{Heap before GC invocations=96 (full 19):
 garbage-first heap   total reserved 4159488K, committed 143360K, used 120508K [0x0000000702200000, 0x0000000800000000)
  region size 2048K, 33 young (67584K), 0 survivors (0K)
 Metaspace       used 111306K, committed 112512K, reserved 1179648K
  class space    used 13160K, committed 13760K, reserved 1048576K
}
Event: 4226.726 GC heap after
{Heap after GC invocations=97 (full 19):
 garbage-first heap   total reserved 4159488K, committed 143360K, used 60680K [0x0000000702200000, 0x0000000800000000)
  region size 2048K, 3 young (6144K), 3 survivors (6144K)
 Metaspace       used 111306K, committed 112512K, reserved 1179648K
  class space    used 13160K, committed 13760K, reserved 1048576K
}
Event: 4228.751 GC heap before
{Heap before GC invocations=98 (full 19):
 garbage-first heap   total reserved 4159488K, committed 143360K, used 122120K [0x0000000702200000, 0x0000000800000000)
  region size 2048K, 33 young (67584K), 3 survivors (6144K)
 Metaspace       used 111648K, committed 112896K, reserved 1179648K
  class space    used 13114K, committed 13760K, reserved 1048576K
}
Event: 4228.755 GC heap after
{Heap after GC invocations=99 (full 19):
 garbage-first heap   total reserved 4159488K, committed 143360K, used 65307K [0x0000000702200000, 0x0000000800000000)
  region size 2048K, 5 young (10240K), 5 survivors (10240K)
 Metaspace       used 111648K, committed 112896K, reserved 1179648K
  class space    used 13114K, committed 13760K, reserved 1048576K
}

Dll operation events (13 events):
Event: 0.025 Loaded shared library C:\Users\RiturajYadav\.p2\pool\plugins\org.eclipse.justj.openjdk.hotspot.jre.full.win32.x86_64_22.0.2.v20240802-1626\jre\bin\java.dll
Event: 0.031 Loaded shared library C:\Users\RiturajYadav\.p2\pool\plugins\org.eclipse.justj.openjdk.hotspot.jre.full.win32.x86_64_22.0.2.v20240802-1626\jre\bin\zip.dll
Event: 0.444 Loaded shared library C:\Users\RiturajYadav\.p2\pool\plugins\org.eclipse.justj.openjdk.hotspot.jre.full.win32.x86_64_22.0.2.v20240802-1626\jre\bin\instrument.dll
Event: 0.454 Loaded shared library C:\Users\RiturajYadav\.p2\pool\plugins\org.eclipse.justj.openjdk.hotspot.jre.full.win32.x86_64_22.0.2.v20240802-1626\jre\bin\net.dll
Event: 0.455 Loaded shared library C:\Users\RiturajYadav\.p2\pool\plugins\org.eclipse.justj.openjdk.hotspot.jre.full.win32.x86_64_22.0.2.v20240802-1626\jre\bin\nio.dll
Event: 0.462 Loaded shared library C:\Users\RiturajYadav\.p2\pool\plugins\org.eclipse.justj.openjdk.hotspot.jre.full.win32.x86_64_22.0.2.v20240802-1626\jre\bin\zip.dll
Event: 0.645 Loaded shared library C:\Users\RiturajYadav\.p2\pool\plugins\org.eclipse.justj.openjdk.hotspot.jre.full.win32.x86_64_22.0.2.v20240802-1626\jre\bin\jimage.dll
Event: 0.686 Loaded shared library C:\Users\RiturajYadav\.p2\pool\plugins\org.eclipse.justj.openjdk.hotspot.jre.full.win32.x86_64_22.0.2.v20240802-1626\jre\bin\verify.dll
Event: 0.987 Loaded shared library C:\Users\RiturajYadav\.p2\pool\plugins\org.eclipse.justj.openjdk.hotspot.jre.full.win32.x86_64_22.0.2.v20240802-1626\jre\bin\management.dll
Event: 0.990 Loaded shared library C:\Users\RiturajYadav\.p2\pool\plugins\org.eclipse.justj.openjdk.hotspot.jre.full.win32.x86_64_22.0.2.v20240802-1626\jre\bin\management_ext.dll
Event: 1.441 Loaded shared library C:\Users\RiturajYadav\.p2\pool\plugins\org.eclipse.justj.openjdk.hotspot.jre.full.win32.x86_64_22.0.2.v20240802-1626\jre\bin\le.dll
Event: 3.029 Loaded shared library C:\Users\RiturajYadav\.p2\pool\plugins\org.eclipse.justj.openjdk.hotspot.jre.full.win32.x86_64_22.0.2.v20240802-1626\jre\bin\sunmscapi.dll
Event: 5.301 Loaded shared library C:\Users\RiturajYadav\.p2\pool\plugins\org.eclipse.justj.openjdk.hotspot.jre.full.win32.x86_64_22.0.2.v20240802-1626\jre\bin\extnet.dll

Deoptimization events (20 events):
Event: 4269.159 Thread 0x000001f8e1cad860 DEOPT PACKING pc=0x000001f8c5ef8d2c sp=0x000000efd40ff400
Event: 4269.159 Thread 0x000001f8e1cad860 DEOPT UNPACKING pc=0x000001f8cc504e42 sp=0x000000efd40fe938 mode 1
Event: 4269.159 Thread 0x000001f8e1ca7c80 DEOPT PACKING pc=0x000001f8c5ef8d2c sp=0x000000efd3bfec90
Event: 4269.159 Thread 0x000001f8e1ca7c80 DEOPT UNPACKING pc=0x000001f8cc504e42 sp=0x000000efd3bfe1c8 mode 1
Event: 4269.159 Thread 0x000001f8e1cad1d0 DEOPT PACKING pc=0x000001f8c5ef8d2c sp=0x000000efd3dff0a0
Event: 4269.159 Thread 0x000001f8e1cad1d0 DEOPT UNPACKING pc=0x000001f8cc504e42 sp=0x000000efd3dfe5d8 mode 1
Event: 4269.160 Thread 0x000001f8e1ca6f60 DEOPT PACKING pc=0x000001f8c5ef8d2c sp=0x000000efd42ff010
Event: 4269.160 Thread 0x000001f8e1ca6f60 DEOPT UNPACKING pc=0x000001f8cc504e42 sp=0x000000efd42fe548 mode 1
Event: 4269.160 Thread 0x000001f8e1cacb40 DEOPT PACKING pc=0x000001f8c5ef8d2c sp=0x000000efd44ff280
Event: 4269.160 Thread 0x000001f8e1cacb40 DEOPT UNPACKING pc=0x000001f8cc504e42 sp=0x000000efd44fe7b8 mode 1
Event: 4269.160 Thread 0x000001f8e1ca75f0 DEOPT PACKING pc=0x000001f8c5ef8d2c sp=0x000000efd43fee50
Event: 4269.160 Thread 0x000001f8e1ca75f0 DEOPT UNPACKING pc=0x000001f8cc504e42 sp=0x000000efd43fe388 mode 1
Event: 4269.160 Thread 0x000001f8e1ca9d50 DEOPT PACKING pc=0x000001f8c5ef8d2c sp=0x000000efd3cff010
Event: 4269.160 Thread 0x000001f8e1ca9d50 DEOPT UNPACKING pc=0x000001f8cc504e42 sp=0x000000efd3cfe548 mode 1
Event: 4274.168 Thread 0x000001f8ed9cbee0 Uncommon trap: trap_request=0xffffff97 fr.pc=0x000001f8cd5467b0 relative=0x0000000000001390
Event: 4274.168 Thread 0x000001f8ed9cbee0 Uncommon trap: reason=unhandled action=none pc=0x000001f8cd5467b0 method=java.util.concurrent.locks.AbstractQueuedSynchronizer$ConditionObject.awaitNanos(J)J @ 171 c2
Event: 4274.168 Thread 0x000001f8ed9cbee0 DEOPT PACKING pc=0x000001f8cd5467b0 sp=0x000000efd34ff430
Event: 4274.168 Thread 0x000001f8ed9cbee0 DEOPT UNPACKING pc=0x000001f8cc5046a2 sp=0x000000efd34ff3d8 mode 2
Event: 4274.168 Thread 0x000001f8ed9cbee0 DEOPT PACKING pc=0x000001f8cd7030cc sp=0x000000efd34ff4d0
Event: 4274.168 Thread 0x000001f8ed9cbee0 DEOPT UNPACKING pc=0x000001f8cc504e42 sp=0x000000efd34fe8f8 mode 1

Classes loaded (20 events):
Event: 2325.545 Loading class java/util/stream/ReferencePipeline$4
Event: 2325.545 Loading class java/util/stream/ReferencePipeline$4 done
Event: 2325.545 Loading class java/util/function/IntBinaryOperator
Event: 2325.545 Loading class java/util/function/IntBinaryOperator done
Event: 2325.545 Loading class java/util/stream/ReduceOps$7
Event: 2325.545 Loading class java/util/stream/ReduceOps$7 done
Event: 2325.545 Loading class java/util/stream/ReduceOps$6ReducingSink
Event: 2325.545 Loading class java/util/stream/ReduceOps$6ReducingSink done
Event: 2325.545 Loading class java/util/stream/ReferencePipeline$4$1
Event: 2325.545 Loading class java/util/stream/ReferencePipeline$4$1 done
Event: 2325.549 Loading class java/lang/Throwable$WrappedPrintWriter
Event: 2325.550 Loading class java/lang/Throwable$PrintStreamOrWriter
Event: 2325.550 Loading class java/lang/Throwable$PrintStreamOrWriter done
Event: 2325.550 Loading class java/lang/Throwable$WrappedPrintWriter done
Event: 2325.571 Loading class java/util/stream/LongStream
Event: 2325.571 Loading class java/util/stream/LongStream done
Event: 2325.571 Loading class java/util/stream/DoubleStream
Event: 2325.571 Loading class java/util/stream/DoubleStream done
Event: 4235.143 Loading class java/lang/Throwable$WrappedPrintStream
Event: 4235.143 Loading class java/lang/Throwable$WrappedPrintStream done

Classes unloaded (20 events):
Event: 4226.766 Thread 0x000001f8db858510 Unloading class 0x00000000b736c000 'java/lang/invoke/LambdaForm$MH+0x00000000b736c000'
Event: 4226.766 Thread 0x000001f8db858510 Unloading class 0x00000000b7320c00 'java/lang/invoke/LambdaForm$DMH+0x00000000b7320c00'
Event: 4226.766 Thread 0x000001f8db858510 Unloading class 0x00000000b721c800 'java/lang/invoke/LambdaForm$DMH+0x00000000b721c800'
Event: 4226.766 Thread 0x000001f8db858510 Unloading class 0x00000000b71b9800 'java/lang/invoke/LambdaForm$MH+0x00000000b71b9800'
Event: 4226.766 Thread 0x000001f8db858510 Unloading class 0x00000000b71b9400 'java/lang/invoke/LambdaForm$MH+0x00000000b71b9400'
Event: 4226.766 Thread 0x000001f8db858510 Unloading class 0x00000000b7171800 'java/lang/invoke/LambdaForm$MH+0x00000000b7171800'
Event: 4226.766 Thread 0x000001f8db858510 Unloading class 0x00000000b7149400 'java/lang/invoke/LambdaForm$MH+0x00000000b7149400'
Event: 4226.766 Thread 0x000001f8db858510 Unloading class 0x00000000b7148800 'java/lang/invoke/LambdaForm$MH+0x00000000b7148800'
Event: 4226.766 Thread 0x000001f8db858510 Unloading class 0x00000000b7148400 'java/lang/invoke/LambdaForm$MH+0x00000000b7148400'
Event: 4226.766 Thread 0x000001f8db858510 Unloading class 0x00000000b7143c00 'java/lang/invoke/LambdaForm$MH+0x00000000b7143c00'
Event: 4226.766 Thread 0x000001f8db858510 Unloading class 0x00000000b7143800 'java/lang/invoke/LambdaForm$MH+0x00000000b7143800'
Event: 4226.766 Thread 0x000001f8db858510 Unloading class 0x00000000b7143400 'java/lang/invoke/LambdaForm$MH+0x00000000b7143400'
Event: 4226.766 Thread 0x000001f8db858510 Unloading class 0x00000000b7142400 'java/lang/invoke/LambdaForm$MH+0x00000000b7142400'
Event: 4226.766 Thread 0x000001f8db858510 Unloading class 0x00000000b7140c00 'java/lang/invoke/LambdaForm$MH+0x00000000b7140c00'
Event: 4226.766 Thread 0x000001f8db858510 Unloading class 0x00000000b7140400 'java/lang/invoke/LambdaForm$MH+0x00000000b7140400'
Event: 4226.766 Thread 0x000001f8db858510 Unloading class 0x00000000b7140000 'java/lang/invoke/LambdaForm$MH+0x00000000b7140000'
Event: 4226.766 Thread 0x000001f8db858510 Unloading class 0x00000000b70c4000 'java/lang/invoke/LambdaForm$MH+0x00000000b70c4000'
Event: 4226.766 Thread 0x000001f8db858510 Unloading class 0x00000000b70c3c00 'java/lang/invoke/LambdaForm$MH+0x00000000b70c3c00'
Event: 4226.766 Thread 0x000001f8db858510 Unloading class 0x00000000b70c3800 'java/lang/invoke/LambdaForm$MH+0x00000000b70c3800'
Event: 4226.766 Thread 0x000001f8db858510 Unloading class 0x00000000b70c3400 'java/lang/invoke/LambdaForm$MH+0x00000000b70c3400'

Classes redefined (0 events):
No events

Internal exceptions (20 events):
Event: 3908.831 Thread 0x000001f8e1caaa70 Exception <a 'java/lang/InterruptedException'{0x000000070a937df8}: sleep interrupted> (0x000000070a937df8) 
thrown [s\src\hotspot\share\prims\jvm.cpp, line 3093]
Event: 3908.894 Thread 0x000001f8e1cac4b0 Exception <a 'sun/nio/fs/WindowsException'{0x000000070ac83a80}> (0x000000070ac83a80) 
thrown [s\src\hotspot\share\prims\jni.cpp, line 520]
Event: 3909.097 Thread 0x000001f8e1cac4b0 Exception <a 'java/lang/NoClassDefFoundError'{0x0000000708d90998}: org/flywaydb/core/Flyway> (0x0000000708d90998) 
thrown [s\src\hotspot\share\oops\constantPool.cpp, line 872]
Event: 3909.098 Thread 0x000001f8e1cac4b0 Exception <a 'java/lang/NoClassDefFoundError'{0x0000000708d90ff8}: liquibase/integration/spring/SpringLiquibase> (0x0000000708d90ff8) 
thrown [s\src\hotspot\share\oops\constantPool.cpp, line 872]
Event: 3909.102 Thread 0x000001f8e1cac4b0 Exception <a 'java/lang/NoClassDefFoundError'{0x0000000708a138f8}: org/jooq/DSLContext> (0x0000000708a138f8) 
thrown [s\src\hotspot\share\oops\constantPool.cpp, line 872]
Event: 3909.103 Thread 0x000001f8e1cac4b0 Exception <a 'java/lang/NoClassDefFoundError'{0x0000000708a21c28}: org/springframework/batch/core/repository/JobRepository> (0x0000000708a21c28) 
thrown [s\src\hotspot\share\oops\constantPool.cpp, line 872]
Event: 3909.104 Thread 0x000001f8e1cac4b0 Exception <a 'java/lang/NoClassDefFoundError'{0x0000000708a22280}: org/quartz/Scheduler> (0x0000000708a22280) 
thrown [s\src\hotspot\share\oops\constantPool.cpp, line 872]
Event: 3909.105 Thread 0x000001f8e1cac4b0 Exception <a 'java/lang/NoClassDefFoundError'{0x0000000708a22900}: org/springframework/session/jdbc/JdbcIndexedSessionRepository> (0x0000000708a22900) 
thrown [s\src\hotspot\share\oops\constantPool.cpp, line 872]
Event: 3909.148 Thread 0x000001f8e1cac4b0 Exception <a 'java/io/FileNotFoundException'{0x00000007081c15e0}> (0x00000007081c15e0) 
thrown [s\src\hotspot\share\prims\jni.cpp, line 520]
Event: 3909.798 Thread 0x000001f8e1cac4b0 Exception <a 'java/io/FileNotFoundException'{0x000000070875d1c0}> (0x000000070875d1c0) 
thrown [s\src\hotspot\share\prims\jni.cpp, line 520]
Event: 4225.921 Thread 0x000001f8e1cacb40 Exception <a 'java/lang/InterruptedException'{0x0000000708dc6b88}: sleep interrupted> (0x0000000708dc6b88) 
thrown [s\src\hotspot\share\prims\jvm.cpp, line 3093]
Event: 4225.986 Thread 0x000001f8ed9ca4a0 Exception <a 'sun/nio/fs/WindowsException'{0x000000070ac75810}> (0x000000070ac75810) 
thrown [s\src\hotspot\share\prims\jni.cpp, line 520]
Event: 4226.197 Thread 0x000001f8ed9ca4a0 Exception <a 'java/lang/NoClassDefFoundError'{0x0000000708d70198}: org/flywaydb/core/Flyway> (0x0000000708d70198) 
thrown [s\src\hotspot\share\oops\constantPool.cpp, line 872]
Event: 4226.198 Thread 0x000001f8ed9ca4a0 Exception <a 'java/lang/NoClassDefFoundError'{0x0000000708d707f8}: liquibase/integration/spring/SpringLiquibase> (0x0000000708d707f8) 
thrown [s\src\hotspot\share\oops\constantPool.cpp, line 872]
Event: 4226.201 Thread 0x000001f8ed9ca4a0 Exception <a 'java/lang/NoClassDefFoundError'{0x0000000708df3118}: org/jooq/DSLContext> (0x0000000708df3118) 
thrown [s\src\hotspot\share\oops\constantPool.cpp, line 872]
Event: 4226.203 Thread 0x000001f8ed9ca4a0 Exception <a 'java/lang/NoClassDefFoundError'{0x0000000708a018d0}: org/springframework/batch/core/repository/JobRepository> (0x0000000708a018d0) 
thrown [s\src\hotspot\share\oops\constantPool.cpp, line 872]
Event: 4226.204 Thread 0x000001f8ed9ca4a0 Exception <a 'java/lang/NoClassDefFoundError'{0x0000000708a01f28}: org/quartz/Scheduler> (0x0000000708a01f28) 
thrown [s\src\hotspot\share\oops\constantPool.cpp, line 872]
Event: 4226.204 Thread 0x000001f8ed9ca4a0 Exception <a 'java/lang/NoClassDefFoundError'{0x0000000708a025a8}: org/springframework/session/jdbc/JdbcIndexedSessionRepository> (0x0000000708a025a8) 
thrown [s\src\hotspot\share\oops\constantPool.cpp, line 872]
Event: 4226.248 Thread 0x000001f8ed9ca4a0 Exception <a 'java/io/FileNotFoundException'{0x00000007081a1d80}> (0x00000007081a1d80) 
thrown [s\src\hotspot\share\prims\jni.cpp, line 520]
Event: 4228.669 Thread 0x000001f8ed9ca4a0 Exception <a 'java/io/FileNotFoundException'{0x00000007081c73f0}> (0x00000007081c73f0) 
thrown [s\src\hotspot\share\prims\jni.cpp, line 520]

ZGC Phase Switch (0 events):
No events

VM Operations (20 events):
Event: 4235.278 Executing VM operation: ChangeSingleStep
Event: 4235.278 Executing VM operation: ChangeSingleStep done
Event: 4235.278 Executing VM operation: ChangeSingleStep
Event: 4235.278 Executing VM operation: ChangeSingleStep done
Event: 4235.279 Executing VM operation: ChangeSingleStep
Event: 4235.279 Executing VM operation: ChangeSingleStep done
Event: 4235.280 Executing VM operation: get/set locals
Event: 4235.280 Executing VM operation: get/set locals done
Event: 4235.281 Executing VM operation: ChangeSingleStep
Event: 4235.281 Executing VM operation: ChangeSingleStep done
Event: 4235.286 Executing VM operation: get/set locals
Event: 4235.286 Executing VM operation: get/set locals done
Event: 4268.224 Executing VM operation: ChangeSingleStep
Event: 4268.224 Executing VM operation: ChangeSingleStep done
Event: 4268.224 Executing VM operation: ChangeSingleStep
Event: 4268.224 Executing VM operation: ChangeSingleStep done
Event: 4269.013 Executing VM operation: HandshakeAllThreads (HandshakeForDeflation)
Event: 4269.013 Executing VM operation: HandshakeAllThreads (HandshakeForDeflation) done
Event: 4269.013 Executing VM operation: RendezvousGCThreads
Event: 4269.013 Executing VM operation: RendezvousGCThreads done

Memory protections (0 events):
No events

Nmethod flushes (20 events):
Event: 4226.778 Thread 0x000001f8db858510 flushing  nmethod 0x000001f8c5a94a10
Event: 4226.778 Thread 0x000001f8db858510 flushing  nmethod 0x000001f8c5abf110
Event: 4226.778 Thread 0x000001f8db858510 flushing  nmethod 0x000001f8c5ac0810
Event: 4226.778 Thread 0x000001f8db858510 flushing  nmethod 0x000001f8c5aee010
Event: 4226.778 Thread 0x000001f8db858510 flushing  nmethod 0x000001f8c5aef510
Event: 4226.778 Thread 0x000001f8db858510 flushing  nmethod 0x000001f8c5c21890
Event: 4226.778 Thread 0x000001f8db858510 flushing  nmethod 0x000001f8c5c44c90
Event: 4226.778 Thread 0x000001f8db858510 flushing  nmethod 0x000001f8c5d18e10
Event: 4226.778 Thread 0x000001f8db858510 flushing  nmethod 0x000001f8c5e06e10
Event: 4226.778 Thread 0x000001f8db858510 flushing  nmethod 0x000001f8c5e08d10
Event: 4226.778 Thread 0x000001f8db858510 flushing  nmethod 0x000001f8c5e9ac90
Event: 4226.778 Thread 0x000001f8db858510 flushing  nmethod 0x000001f8c5f5ea10
Event: 4226.778 Thread 0x000001f8db858510 flushing  nmethod 0x000001f8c5f62290
Event: 4226.778 Thread 0x000001f8db858510 flushing  nmethod 0x000001f8c5f98990
Event: 4226.778 Thread 0x000001f8db858510 flushing  nmethod 0x000001f8c5f99090
Event: 4226.778 Thread 0x000001f8db858510 flushing  nmethod 0x000001f8c5f99f90
Event: 4226.778 Thread 0x000001f8db858510 flushing  nmethod 0x000001f8c604b510
Event: 4226.778 Thread 0x000001f8db858510 flushing  nmethod 0x000001f8c6051a90
Event: 4226.778 Thread 0x000001f8db858510 flushing  nmethod 0x000001f8c6480890
Event: 4226.778 Thread 0x000001f8db858510 flushing  nmethod 0x000001f8c6482110

Events (20 events):
Event: 4228.779 Thread 0x000001f8ed9ca4a0 Thread added: 0x000001f8e1ca89a0
Event: 4228.782 Thread 0x000001f8ed9ca4a0 Thread exited: 0x000001f8ed9ca4a0
Event: 4228.782 Thread 0x000001f8ed9cab30 Thread exited: 0x000001f8ed9cab30
Event: 4234.094 Thread 0x000001f8ed9c6990 Thread exited: 0x000001f8ed9c6990
Event: 4269.155 Thread 0x000001f8ed9c90f0 Thread added: 0x000001f8e1ca9030
Event: 4269.155 Thread 0x000001f8ed9c90f0 Thread exited: 0x000001f8ed9c90f0
Event: 4269.159 Thread 0x000001f8e1ca89a0 Thread exited: 0x000001f8e1ca89a0
Event: 4269.159 Thread 0x000001f8e1ca8310 Thread exited: 0x000001f8e1ca8310
Event: 4269.159 Thread 0x000001f8e1cab790 Thread exited: 0x000001f8e1cab790
Event: 4269.159 Thread 0x000001f8e1cabe20 Thread exited: 0x000001f8e1cabe20
Event: 4269.159 Thread 0x000001f8e1cad860 Thread exited: 0x000001f8e1cad860
Event: 4269.159 Thread 0x000001f8e1ca7c80 Thread exited: 0x000001f8e1ca7c80
Event: 4269.160 Thread 0x000001f8e1cad1d0 Thread exited: 0x000001f8e1cad1d0
Event: 4269.160 Thread 0x000001f8e1ca6f60 Thread exited: 0x000001f8e1ca6f60
Event: 4269.160 Thread 0x000001f8e1cacb40 Thread exited: 0x000001f8e1cacb40
Event: 4269.160 Thread 0x000001f8e1ca75f0 Thread exited: 0x000001f8e1ca75f0
Event: 4269.160 Thread 0x000001f8e1ca9d50 Thread exited: 0x000001f8e1ca9d50
Event: 4274.168 Thread 0x000001f8e1ca9030 Thread added: 0x000001f8e1ca8310
Event: 4274.168 Thread 0x000001f8ed9cbee0 Thread exited: 0x000001f8ed9cbee0
Event: 4274.169 Thread 0x000001f8e1ca8310 Thread exited: 0x000001f8e1ca8310


Dynamic libraries:
0x00007ff737820000 - 0x00007ff73782e000 	C:\Users\RiturajYadav\.p2\pool\plugins\org.eclipse.justj.openjdk.hotspot.jre.full.win32.x86_64_22.0.2.v20240802-1626\jre\bin\javaw.exe
0x00007ff8e0fb0000 - 0x00007ff8e11a8000 	C:\Windows\SYSTEM32\ntdll.dll
0x00007ff8defd0000 - 0x00007ff8df092000 	C:\Windows\System32\KERNEL32.DLL
0x00007ff8decd0000 - 0x00007ff8defce000 	C:\Windows\System32\KERNELBASE.dll
0x00007ff8dfa00000 - 0x00007ff8dfab2000 	C:\Windows\System32\ADVAPI32.DLL
0x00007ff8df900000 - 0x00007ff8df99e000 	C:\Windows\System32\msvcrt.dll
0x00007ff8e0be0000 - 0x00007ff8e0c80000 	C:\Windows\System32\sechost.dll
0x00007ff8e0c90000 - 0x00007ff8e0db3000 	C:\Windows\System32\RPCRT4.dll
0x00007ff8deb50000 - 0x00007ff8deb77000 	C:\Windows\System32\bcrypt.dll
0x00007ff8de7b0000 - 0x00007ff8de8b0000 	C:\Windows\System32\ucrtbase.dll
0x00007ff8b8230000 - 0x00007ff8b824b000 	C:\Users\RiturajYadav\.p2\pool\plugins\org.eclipse.justj.openjdk.hotspot.jre.full.win32.x86_64_22.0.2.v20240802-1626\jre\bin\VCRUNTIME140.dll
0x00007ff8b2650000 - 0x00007ff8b2667000 	C:\Users\RiturajYadav\.p2\pool\plugins\org.eclipse.justj.openjdk.hotspot.jre.full.win32.x86_64_22.0.2.v20240802-1626\jre\bin\jli.dll
0x00007ff8e0a40000 - 0x00007ff8e0bdd000 	C:\Windows\System32\USER32.dll
0x00007ff8dead0000 - 0x00007ff8deaf2000 	C:\Windows\System32\win32u.dll
0x00007ff8e0140000 - 0x00007ff8e016b000 	C:\Windows\System32\GDI32.dll
0x00007ff8de8b0000 - 0x00007ff8de9c7000 	C:\Windows\System32\gdi32full.dll
0x00007ff8deb80000 - 0x00007ff8dec1d000 	C:\Windows\System32\msvcp_win.dll
0x00007ff8c5730000 - 0x00007ff8c59ca000 	C:\Windows\WinSxS\amd64_microsoft.windows.common-controls_6595b64144ccf1df_6.0.19041.4355_none_60b8b9eb71f62e16\COMCTL32.dll
0x00007ff8df0a0000 - 0x00007ff8df0cf000 	C:\Windows\System32\IMM32.DLL
0x00007ff8db400000 - 0x00007ff8db40c000 	C:\Users\RiturajYadav\.p2\pool\plugins\org.eclipse.justj.openjdk.hotspot.jre.full.win32.x86_64_22.0.2.v20240802-1626\jre\bin\vcruntime140_1.dll
0x00007ff86e010000 - 0x00007ff86e09e000 	C:\Users\RiturajYadav\.p2\pool\plugins\org.eclipse.justj.openjdk.hotspot.jre.full.win32.x86_64_22.0.2.v20240802-1626\jre\bin\msvcp140.dll
0x00007ff875980000 - 0x00007ff876743000 	C:\Users\RiturajYadav\.p2\pool\plugins\org.eclipse.justj.openjdk.hotspot.jre.full.win32.x86_64_22.0.2.v20240802-1626\jre\bin\server\jvm.dll
0x00007ff8dfc70000 - 0x00007ff8dfcdb000 	C:\Windows\System32\WS2_32.dll
0x00007ff8c87f0000 - 0x00007ff8c8817000 	C:\Windows\SYSTEM32\WINMM.dll
0x00007ff8d86b0000 - 0x00007ff8d86ba000 	C:\Windows\SYSTEM32\VERSION.dll
0x00007ff8de400000 - 0x00007ff8de44b000 	C:\Windows\SYSTEM32\POWRPROF.dll
0x00007ff8de3e0000 - 0x00007ff8de3f2000 	C:\Windows\SYSTEM32\UMPDC.dll
0x00007ff8dc200000 - 0x00007ff8dc212000 	C:\Windows\SYSTEM32\kernel.appcore.dll
0x00007ff8aed20000 - 0x00007ff8aed2a000 	C:\Users\RiturajYadav\.p2\pool\plugins\org.eclipse.justj.openjdk.hotspot.jre.full.win32.x86_64_22.0.2.v20240802-1626\jre\bin\jimage.dll
0x00007ff8c9bd0000 - 0x00007ff8c9db4000 	C:\Windows\SYSTEM32\DBGHELP.DLL
0x00007ff8c83c0000 - 0x00007ff8c83f4000 	C:\Windows\SYSTEM32\dbgcore.DLL
0x00007ff8dea40000 - 0x00007ff8deac2000 	C:\Windows\System32\bcryptPrimitives.dll
0x00007ff89fdd0000 - 0x00007ff89fe0c000 	C:\Users\RiturajYadav\.p2\pool\plugins\org.eclipse.justj.openjdk.hotspot.jre.full.win32.x86_64_22.0.2.v20240802-1626\jre\bin\jdwp.dll
0x00007ff8abd40000 - 0x00007ff8abd4f000 	C:\Users\RiturajYadav\.p2\pool\plugins\org.eclipse.justj.openjdk.hotspot.jre.full.win32.x86_64_22.0.2.v20240802-1626\jre\bin\instrument.dll
0x00007ff87b330000 - 0x00007ff87b34e000 	C:\Users\RiturajYadav\.p2\pool\plugins\org.eclipse.justj.openjdk.hotspot.jre.full.win32.x86_64_22.0.2.v20240802-1626\jre\bin\java.dll
0x00007ff8e02d0000 - 0x00007ff8e0a3f000 	C:\Windows\System32\SHELL32.dll
0x00007ff8e0e40000 - 0x00007ff8e0f6b000 	C:\Windows\System32\ole32.dll
0x00007ff8df540000 - 0x00007ff8df893000 	C:\Windows\System32\combase.dll
0x00007ff87b310000 - 0x00007ff87b327000 	C:\Users\RiturajYadav\.p2\pool\plugins\org.eclipse.justj.openjdk.hotspot.jre.full.win32.x86_64_22.0.2.v20240802-1626\jre\bin\zip.dll
0x00007ff8dc400000 - 0x00007ff8dcba4000 	C:\Windows\SYSTEM32\windows.storage.dll
0x00007ff8ddfb0000 - 0x00007ff8ddfde000 	C:\Windows\SYSTEM32\Wldp.dll
0x00007ff8e01d0000 - 0x00007ff8e029d000 	C:\Windows\System32\OLEAUT32.dll
0x00007ff8dfda0000 - 0x00007ff8dfe4d000 	C:\Windows\System32\SHCORE.dll
0x00007ff8df8a0000 - 0x00007ff8df8f5000 	C:\Windows\System32\shlwapi.dll
0x00007ff8de580000 - 0x00007ff8de5a4000 	C:\Windows\SYSTEM32\profapi.dll
0x00007ff8abd30000 - 0x00007ff8abd3c000 	C:\Users\RiturajYadav\.p2\pool\plugins\org.eclipse.justj.openjdk.hotspot.jre.full.win32.x86_64_22.0.2.v20240802-1626\jre\bin\dt_socket.dll
0x00007ff8dd9f0000 - 0x00007ff8dda2b000 	C:\Windows\SYSTEM32\IPHLPAPI.DLL
0x00007ff8ddd10000 - 0x00007ff8ddd7a000 	C:\Windows\system32\mswsock.dll
0x00007ff8dda30000 - 0x00007ff8ddafa000 	C:\Windows\SYSTEM32\DNSAPI.dll
0x00007ff8e0c80000 - 0x00007ff8e0c88000 	C:\Windows\System32\NSI.dll
0x00007ff8d5660000 - 0x00007ff8d566a000 	C:\Windows\System32\rasadhlp.dll
0x00007ff8d58e0000 - 0x00007ff8d5960000 	C:\Windows\System32\fwpuclnt.dll
0x00007ff8ad230000 - 0x00007ff8ad240000 	C:\Users\RiturajYadav\.p2\pool\plugins\org.eclipse.justj.openjdk.hotspot.jre.full.win32.x86_64_22.0.2.v20240802-1626\jre\bin\net.dll
0x00007ff8772b0000 - 0x00007ff8772c6000 	C:\Users\RiturajYadav\.p2\pool\plugins\org.eclipse.justj.openjdk.hotspot.jre.full.win32.x86_64_22.0.2.v20240802-1626\jre\bin\nio.dll
0x00007ff8ac3f0000 - 0x00007ff8ac400000 	C:\Users\RiturajYadav\.p2\pool\plugins\org.eclipse.justj.openjdk.hotspot.jre.full.win32.x86_64_22.0.2.v20240802-1626\jre\bin\verify.dll
0x00007ff8abd20000 - 0x00007ff8abd2a000 	C:\Users\RiturajYadav\.p2\pool\plugins\org.eclipse.justj.openjdk.hotspot.jre.full.win32.x86_64_22.0.2.v20240802-1626\jre\bin\management.dll
0x00007ff89fdc0000 - 0x00007ff89fdcb000 	C:\Users\RiturajYadav\.p2\pool\plugins\org.eclipse.justj.openjdk.hotspot.jre.full.win32.x86_64_22.0.2.v20240802-1626\jre\bin\management_ext.dll
0x00007ff8e02a0000 - 0x00007ff8e02a8000 	C:\Windows\System32\PSAPI.DLL
0x00007ff89f770000 - 0x00007ff89f77b000 	C:\Users\RiturajYadav\.p2\pool\plugins\org.eclipse.justj.openjdk.hotspot.jre.full.win32.x86_64_22.0.2.v20240802-1626\jre\bin\le.dll
0x00007ff8abb90000 - 0x00007ff8abb9e000 	C:\Users\RiturajYadav\.p2\pool\plugins\org.eclipse.justj.openjdk.hotspot.jre.full.win32.x86_64_22.0.2.v20240802-1626\jre\bin\sunmscapi.dll
0x00007ff8de650000 - 0x00007ff8de7ac000 	C:\Windows\System32\CRYPT32.dll
0x00007ff8de020000 - 0x00007ff8de047000 	C:\Windows\SYSTEM32\ncrypt.dll
0x00007ff8ddfe0000 - 0x00007ff8de01b000 	C:\Windows\SYSTEM32\NTASN1.dll
0x00007ff8ddf00000 - 0x00007ff8ddf18000 	C:\Windows\SYSTEM32\CRYPTSP.dll
0x00007ff8dd520000 - 0x00007ff8dd554000 	C:\Windows\system32\rsaenh.dll
0x00007ff8de540000 - 0x00007ff8de56e000 	C:\Windows\SYSTEM32\USERENV.dll
0x00007ff8ddf20000 - 0x00007ff8ddf2c000 	C:\Windows\SYSTEM32\CRYPTBASE.dll
0x00007ff8a65b0000 - 0x00007ff8a65b9000 	C:\Users\RiturajYadav\.p2\pool\plugins\org.eclipse.justj.openjdk.hotspot.jre.full.win32.x86_64_22.0.2.v20240802-1626\jre\bin\extnet.dll
0x00007ff8b2690000 - 0x00007ff8b2697000 	C:\Windows\system32\wshunix.dll

dbghelp: loaded successfully - version: 4.0.5 - missing functions: none
symbol engine: initialized successfully - sym options: 0x614 - pdb path: .;C:\Users\RiturajYadav\.p2\pool\plugins\org.eclipse.justj.openjdk.hotspot.jre.full.win32.x86_64_22.0.2.v20240802-1626\jre\bin;C:\Windows\SYSTEM32;C:\Windows\WinSxS\amd64_microsoft.windows.common-controls_6595b64144ccf1df_6.0.19041.4355_none_60b8b9eb71f62e16;C:\Users\RiturajYadav\.p2\pool\plugins\org.eclipse.justj.openjdk.hotspot.jre.full.win32.x86_64_22.0.2.v20240802-1626\jre\bin\server

VM Arguments:
jvm_args: -XX:+ShowCodeDetailsInExceptionMessages -agentlib:jdwp=transport=dt_socket,suspend=y,address=localhost:53234 -javaagent:C:\Users\RiturajYadav\eclipse\java-2024-06\eclipse\configuration\org.eclipse.osgi\251\0\.cp\lib\javaagent-shaded.jar -Dfile.encoding=UTF-8 -Dstdout.encoding=UTF-8 -Dstderr.encoding=UTF-8 
java_command: com.np.hrms.HRMSApplication
java_class_path (initial): D:\Work Dev\HRMS\target\classes;C:\Users\RiturajYadav\.m2\repository\org\springframework\boot\spring-boot-starter\3.3.1\spring-boot-starter-3.3.1.jar;C:\Users\RiturajYadav\.m2\repository\org\springframework\boot\spring-boot\3.3.1\spring-boot-3.3.1.jar;C:\Users\RiturajYadav\.m2\repository\org\springframework\spring-context\6.1.10\spring-context-6.1.10.jar;C:\Users\RiturajYadav\.m2\repository\org\springframework\boot\spring-boot-autoconfigure\3.3.1\spring-boot-autoconfigure-3.3.1.jar;C:\Users\RiturajYadav\.m2\repository\org\springframework\boot\spring-boot-starter-logging\3.3.1\spring-boot-starter-logging-3.3.1.jar;C:\Users\RiturajYadav\.m2\repository\ch\qos\logback\logback-classic\1.5.6\logback-classic-1.5.6.jar;C:\Users\RiturajYadav\.m2\repository\ch\qos\logback\logback-core\1.5.6\logback-core-1.5.6.jar;C:\Users\RiturajYadav\.m2\repository\org\apache\logging\log4j\log4j-to-slf4j\2.23.1\log4j-to-slf4j-2.23.1.jar;C:\Users\RiturajYadav\.m2\repository\org\apache\logging\log4j\log4j-api\2.23.1\log4j-api-2.23.1.jar;C:\Users\RiturajYadav\.m2\repository\org\slf4j\jul-to-slf4j\2.0.13\jul-to-slf4j-2.0.13.jar;C:\Users\RiturajYadav\.m2\repository\jakarta\annotation\jakarta.annotation-api\2.1.1\jakarta.annotation-api-2.1.1.jar;C:\Users\RiturajYadav\.m2\repository\org\springframework\spring-core\6.1.10\spring-core-6.1.10.jar;C:\Users\RiturajYadav\.m2\repository\org\springframework\spring-jcl\6.1.10\spring-jcl-6.1.10.jar;C:\Users\RiturajYadav\.m2\repository\org\yaml\snakeyaml\2.2\snakeyaml-2.2.jar;C:\Users\RiturajYadav\.m2\repository\org\springframework\boot\spring-boot-starter-data-jpa\3.3.1\spring-boot-starter-data-jpa-3.3.1.jar;C:\Users\RiturajYadav\.m2\repository\org\springframework\boot\spring-boot-starter-aop\3.3.1\spring-boot-starter-aop-3.3.1.jar;C:\Users\RiturajYadav\.m2\repository\org\aspectj\aspectjweaver\1.9.22\aspectjweaver-1.9.22.jar;C:\Users\RiturajYadav\.m2\repository\org\springframework\boot\spring-boot-starter-jdbc\3.3.1\spring-boot-starter-jdbc-3.3.1.jar;C:\Users\RiturajYadav\.m2\repository\com\zaxxer\HikariCP\5.1.0\HikariCP-5.1.0.jar;C:\Users\RiturajYadav\.m2\repository\org\springframework\spring-jdbc\6.1.10\spring-jdbc-6.1.10.jar;C:\Users\RiturajYadav\.m2\repository\org\hibernate\orm\hibernate-core\6.5.2.Final\hibernate-core-6.5.2.Final.jar;C:\Users\RiturajYadav\.m2\repository\jakarta\persistence\jakarta.persistence-api\3.1.0\jakarta.persistence-api-3.1.0.jar;C:\Users\RiturajYadav\.m2\repository\jakarta\transaction\jakarta.transaction-api\2.0.1\jakarta.transaction-api-2.0.1.jar;C:\Users\RiturajYadav\.m2\repository\org\jboss\logging\jboss-logging\3.5.3.Final\jboss-logging-3.5.3.Final.jar;C:\Users\RiturajYadav\.m2\repository\org\hibernate\common\hibernate-commons-annotations\6.0.6.Final\hibernate-commons-annotations-6.0.6.Final.jar;C:\Users\RiturajYadav\.m2\repository\io\smallrye\jandex\3.1.2\jandex-3.1.2.jar;C:\Users\RiturajYadav\.m2\repository\com\fasterxml\classmate\1.7.0\classmate-1.7.0.jar;C:\Users\RiturajYadav\.m2\repository\net\bytebuddy\byte-buddy\1.14.17\byte-buddy-1.14.17.jar;C:\Users\RiturajYadav\.m2\repository\org\glassfish\jaxb\jaxb-runtime\4.0.5\jaxb-runtime-4.0.5.jar;C:\Users\RiturajYadav\.m2\repository\org\glassfish\jaxb\jaxb-core\4.0.5\jaxb-core-4.0.5.jar;C:\Users\RiturajYadav\.m2\repository\org\eclipse\angus\angus-activation\2.0.2\angus-activation-2.0.2.jar;C:\Users\RiturajYadav\.m2\repository\org\glassfish\jaxb\txw2\4.0.5\txw2-4.0.5.jar;C:\Users\RiturajYadav\.m2\repository\com\sun\istack\istack-commons-runtime\4.1.2\istack-commons-runtime-4.1.2.jar;C:\Users\RiturajYadav\.m2\repository\jakarta\inject\jakarta.inject-api\2.0.1\jakarta.inject-api-2.0.1.jar;C:\Users\RiturajYadav\.m2\repository\org\antlr\antlr4-runtime\4.13.0\antlr4-runtime-4.13.0.jar;C:\Users\RiturajYadav\.m2\repository\org\springframework\data\spring-data-jpa\3.3.1\spring-data-jpa-3.3.1.jar;C:\Users\RiturajYadav\.m2\repository\org\springframework\data\spring-data-commons\3.3.1\spring-data-commons-3.3.1.jar;C:\Users\RiturajYadav\.m2\repository\org\springframework\spring-orm\6.1.10\spring-orm-6.1.10.jar;C:\Users\RiturajYadav\.m2\repository\org\springframework\spring-tx\6.1.10\spring-tx-6.1.10.jar;C:\Users\RiturajYadav\.m2\repository\org\springframework\spring-beans\6.1.10\spring-beans-6.1.10.jar;C:\Users\RiturajYadav\.m2\repository\org\springframework\spring-aspects\6.1.10\spring-aspects-6.1.10.jar;C:\Users\RiturajYadav\.m2\repository\org\apache\poi\poi\5.0.0\poi-5.0.0.jar;C:\Users\RiturajYadav\.m2\repository\org\slf4j\slf4j-api\2.0.13\slf4j-api-2.0.13.jar;C:\Users\RiturajYadav\.m2\repository\org\slf4j\jcl-over-slf4j\2.0.13\jcl-over-slf4j-2.0.13.jar;C:\Users\RiturajYadav\.m2\repository\commons-codec\commons-codec\1.16.1\commons-codec-1.16.1.jar;C:\Users\RiturajYadav\.m2\repository\org\apache\commons\commons-collections4\4.4\commons-collections4-4.4.jar;C:\Users\RiturajYadav\.m2\repository\org\apache\commons\commons-math3\3.6.1\commons-math3-3.6.1.jar;C:\Users\RiturajYadav\.m2\repository\com\zaxxer\SparseBitSet\1.2\SparseBitSet-1.2.jar;C:\Users\RiturajYadav\.m2\repository\org\apache\poi\poi-ooxml\5.0.0\poi-ooxml-5.0.0.jar;C:\Users\RiturajYadav\.m2\repository\org\apache\poi\poi-ooxml-lite\5.0.0\poi-ooxml-lite-5.0.0.jar;C:\Users\RiturajYadav\.m2\repository\org\apache\xmlbeans\xmlbeans\4.0.0\xmlbeans-4.0.0.jar;C:\Users\RiturajYadav\.m2\repository\org\apache\commons\commons-compress\1.20\commons-compress-1.20.jar;C:\Users\RiturajYadav\.m2\repository\com\github\virtuald\curvesapi\1.06\curvesapi-1.06.jar;C:\Users\RiturajYadav\.m2\repository\org\bouncycastle\bcpkix-jdk15on\1.68\bcpkix-jdk15on-1.68.jar;C:\Users\RiturajYadav\.m2\repository\org\bouncycastle\bcprov-jdk15on\1.68\bcprov-jdk15on-1.68.jar;C:\Users\RiturajYadav\.m2\repository\org\apache\santuario\xmlsec\2.2.1\xmlsec-2.2.1.jar;C:\Users\RiturajYadav\.m2\repository\com\fasterxml\woodstox\woodstox-core\5.2.1\woodstox-core-5.2.1.jar;C:\Users\RiturajYadav\.m2\repository\org\codehaus\woodstox\stax2-api\4.2\stax2-api-4.2.jar;C:\Users\RiturajYadav\.m2\repository\org\apache\xmlgraphics\batik-all\1.13\batik-all-1.13.jar;C:\Users\RiturajYadav\.m2\repository\org\apache\xmlgraphics\batik-anim\1.13\batik-anim-1.13.jar;C:\Users\RiturajYadav\.m2\repository\org\apache\xmlgraphics\batik-shared-resources\1.13\batik-shared-resources-1.13.jar;C:\Users\RiturajYadav\.m2\repository\xml-apis\xml-apis-ext\1.3.04\xml-apis-ext-1.3.04.jar;C:\Users\RiturajYadav\.m2\repository\org\apache\xmlgraphics\batik-awt-util\1.13\batik-awt-util-1.13.jar;C:\Users\RiturajYadav\.m2\repository\org\apache\xmlgraphics\xmlgraphics-commons\2.4\xmlgraphics-commons-2.4.jar;C:\Users\RiturajYadav\.m2\repository\commons-io\commons-io\1.3.1\commons-io-1.3.1.jar;C:\Users\RiturajYadav\.m2\repository\org\apache\xmlgraphics\batik-bridge\1.13\batik-bridge-1.13.jar;C:\Users\RiturajYadav\.m2\repository\org\apache\xmlgraphics\batik-codec\1.13\batik-codec-1.13.jar;C:\Users\RiturajYadav\.m2\repository\org\apache\xmlgraphics\batik-constants\1.13\batik-constants-1.13.jar;C:\Users\RiturajYadav\.m2\repository\org\apache\xmlgraphics\batik-css\1.13\batik-css-1.13.jar;C:\Users\RiturajYadav\.m2\repository\org\apache\xmlgraphics\batik-dom\1.13\batik-dom-1.13.jar;C:\Users\RiturajYadav\.m2\repository\xalan\xalan\2.7.2\xalan-2.7.2.jar;C:\Users\RiturajYadav\.m2\repository\xalan\serializer\2.7.2\serializer-2.7.2.jar;C:\Users\RiturajYadav\.m2\repository\xml-apis\xml-apis\1.4.01\xml-apis-1.4.01.jar;C:\Users\RiturajYadav\.m2\repository\org\apache\xmlgraphics\batik-ext\1.13\batik-ext-1.13.jar;C:\Users\RiturajYadav\.m2\repository\org\apache\xmlgraphics\batik-extension\1.13\batik-extension-1.13.jar;C:\Users\RiturajYadav\.m2\repository\org\apache\xmlgraphics\batik-gui-util\1.13\batik-gui-util-1.13.jar;C:\Users\RiturajYadav\.m2\repository\org\apache\xmlgraphics\batik-gvt\1.13\batik-gvt-1.13.jar;C:\Users\RiturajYadav\.m2\repository\org\apache\xmlgraphics\batik-i18n\1.13\batik-i18n-1.13.jar;C:\Users\RiturajYadav\.m2\repository\org\apache\xmlgraphics\batik-parser\1.13\batik-parser-1.13.jar;C:\Users\RiturajYadav\.m2\repository\org\apache\xmlgraphics\batik-rasterizer-ext\1.13\batik-rasterizer-ext-1.13.jar;C:\Users\RiturajYadav\.m2\repository\org\apache\xmlgraphics\batik-rasterizer\1.13\batik-rasterizer-1.13.jar;C:\Users\RiturajYadav\.m2\repository\org\apache\xmlgraphics\batik-script\1.13\batik-script-1.13.jar;C:\Users\RiturajYadav\.m2\repository\org\apache\xmlgraphics\batik-slideshow\1.13\batik-slideshow-1.13.jar;C:\Users\RiturajYadav\.m2\repository\org\apache\xmlgraphics\batik-squiggle-ext\1.13\batik-squiggle-ext-1.13.jar;C:\Users\RiturajYadav\.m2\repository\org\apache\xmlgraphics\batik-squiggle\1.13\batik-squiggle-1.13.jar;C:\Users\RiturajYadav\.m2\repository\org\apache\xmlgraphics\batik-svg-dom\1.13\batik-svg-dom-1.13.jar;C:\Users\RiturajYadav\.m2\repository\org\apache\xmlgraphics\batik-svgbrowser\1.13\batik-svgbrowser-1.13.jar;C:\Users\RiturajYadav\.m2\repository\org\apache\xmlgraphics\batik-svggen\1.13\batik-svggen-1.13.jar;C:\Users\RiturajYadav\.m2\repository\org\apache\xmlgraphics\batik-svgpp\1.13\batik-svgpp-1.13.jar;C:\Users\RiturajYadav\.m2\repository\org\apache\xmlgraphics\batik-svgrasterizer\1.13\batik-svgrasterizer-1.13.jar;C:\Users\RiturajYadav\.m2\repository\org\apache\xmlgraphics\batik-swing\1.13\batik-swing-1.13.jar;C:\Users\RiturajYadav\.m2\repository\org\apache\xmlgraphics\batik-transcoder\1.13\batik-transcoder-1.13.jar;C:\Users\RiturajYadav\.m2\repository\org\apache\xmlgraphics\batik-util\1.13\batik-util-1.13.jar;C:\Users\RiturajYadav\.m2\repository\org\apache\xmlgraphics\batik-ttf2svg\1.13\batik-ttf2svg-1.13.jar;C:\Users\RiturajYadav\.m2\repository\org\apache\xmlgraphics\batik-xml\1.13\batik-xml-1.13.jar;C:\Users\RiturajYadav\.m2\repository\de\rototor\pdfbox\graphics2d\0.30\graphics2d-0.30.jar;C:\Users\RiturajYadav\.m2\repository\org\apache\pdfbox\pdfbox\2.0.22\pdfbox-2.0.22.jar;C:\Users\RiturajYadav\.m2\repository\org\apache\pdfbox\fontbox\2.0.22\fontbox-2.0.22.jar;C:\Users\RiturajYadav\.m2\repository\org\springframework\boot\spring-boot-starter-web\3.3.1\spring-boot-starter-web-3.3.1.jar;C:\Users\RiturajYadav\.m2\repository\org\springframework\boot\spring-boot-starter-json\3.3.1\spring-boot-starter-json-3.3.1.jar;C:\Users\RiturajYadav\.m2\repository\com\fasterxml\jackson\core\jackson-databind\2.17.1\jackson-databind-2.17.1.jar;C:\Users\RiturajYadav\.m2\repository\com\fasterxml\jackson\core\jackson-core\2.17.1\jackson-core-2.17.1.jar;C:\Users\RiturajYadav\.m2\repository\com\fasterxml\jackson\datatype\jackson-datatype-jdk8\2.17.1\jackson-datatype-jdk8-2.17.1.jar;C:\Users\RiturajYadav\.m2\repository\com\fasterxml\jackson\datatype\jackson-datatype-jsr310\2.17.1\jackson-datatype-jsr310-2.17.1.jar;C:\Users\RiturajYadav\.m2\repository\com\fasterxml\jackson\module\jackson-module-parameter-names\2.17.1\jackson-module-parameter-names-2.17.1.jar;C:\Users\RiturajYadav\.m2\repository\org\springframework\boot\spring-boot-starter-tomcat\3.3.1\spring-boot-starter-tomcat-3.3.1.jar;C:\Users\RiturajYadav\.m2\repository\org\apache\tomcat\embed\tomcat-embed-core\10.1.25\tomcat-embed-core-10.1.25.jar;C:\Users\RiturajYadav\.m2\repository\org\apache\tomcat\embed\tomcat-embed-el\10.1.25\tomcat-embed-el-10.1.25.jar;C:\Users\RiturajYadav\.m2\repository\org\apache\tomcat\embed\tomcat-embed-websocket\10.1.25\tomcat-embed-websocket-10.1.25.jar;C:\Users\RiturajYadav\.m2\repository\org\springframework\spring-web\6.1.10\spring-web-6.1.10.jar;C:\Users\RiturajYadav\.m2\repository\io\micrometer\micrometer-observation\1.13.1\micrometer-observation-1.13.1.jar;C:\Users\RiturajYadav\.m2\repository\io\micrometer\micrometer-commons\1.13.1\micrometer-commons-1.13.1.jar;C:\Users\RiturajYadav\.m2\repository\org\springframework\spring-webmvc\6.1.10\spring-webmvc-6.1.10.jar;C:\Users\RiturajYadav\.m2\repository\org\springframework\spring-expression\6.1.10\spring-expression-6.1.10.jar;C:\Users\RiturajYadav\.m2\repository\org\springframework\boot\spring-boot-devtools\3.3.1\spring-boot-devtools-3.3.1.jar;C:\Users\RiturajYadav\.m2\repository\com\mysql\mysql-connector-j\8.3.0\mysql-connector-j-8.3.0.jar;C:\Users\RiturajYadav\.m2\repository\com\jayway\jsonpath\json-path\2.9.0\json-path-2.9.0.jar;C:\Users\RiturajYadav\.m2\repository\jakarta\xml\bind\jakarta.xml.bind-api\4.0.2\jakarta.xml.bind-api-4.0.2.jar;C:\Users\RiturajYadav\.m2\repository\jakarta\activation\jakarta.activation-api\2.1.3\jakarta.activation-api-2.1.3.jar;C:\Users\RiturajYadav\.m2\repository\net\minidev\json-smart\2.5.1\json-smart-2.5.1.jar;C:\Users\RiturajYadav\.m2\repository\net\minidev\accessors-smart\2.5.1\accessors-smart-2.5.1.jar;C:\Users\RiturajYadav\.m2\repository\org\ow2\asm\asm\9.6\asm-9.6.jar;C:\Users\RiturajYadav\.m2\repository\org\springframework\boot\spring-boot-starter-security\3.3.1\spring-boot-starter-security-3.3.1.jar;C:\Users\RiturajYadav\.m2\repository\org\springframework\spring-aop\6.1.10\spring-aop-6.1.10.jar;C:\Users\RiturajYadav\.m2\repository\org\springframework\security\spring-security-config\6.3.1\spring-security-config-6.3.1.jar;C:\Users\RiturajYadav\.m2\repository\org\springframework\security\spring-security-core\6.3.1\spring-security-core-6.3.1.jar;C:\Users\RiturajYadav\.m2\repository\org\springframework\security\spring-security-web\6.3.1\spring-security-web-6.3.1.jar;C:\Users\RiturajYadav\.m2\repository\org\springframework\security\spring-security-crypto\6.3.1\spring-security-crypto-6.3.1.jar;C:\Users\RiturajYadav\.m2\repository\org\json\json\20090211\json-20090211.jar;C:\Users\RiturajYadav\.m2\repository\com\google\code\gson\gson\2.10.1\gson-2.10.1.jar;C:\Users\RiturajYadav\.m2\repository\org\springframework\boot\spring-boot-starter-data-rest\3.3.1\spring-boot-starter-data-rest-3.3.1.jar;C:\Users\RiturajYadav\.m2\repository\org\springframework\data\spring-data-rest-webmvc\4.3.1\spring-data-rest-webmvc-4.3.1.jar;C:\Users\RiturajYadav\.m2\repository\org\springframework\data\spring-data-rest-core\4.3.1\spring-data-rest-core-4.3.1.jar;C:\Users\RiturajYadav\.m2\repository\org\atteo\evo-inflector\1.3\evo-inflector-1.3.jar;C:\Users\RiturajYadav\.m2\repository\com\fasterxml\jackson\core\jackson-annotations\2.17.1\jackson-annotations-2.17.1.jar;C:\Users\RiturajYadav\.m2\repository\org\springframework\boot\spring-boot-starter-hateoas\3.3.1\spring-boot-starter-hateoas-3.3.1.jar;C:\Users\RiturajYadav\.m2\repository\org\springframework\hateoas\spring-hateoas\2.3.0\spring-hateoas-2.3.0.jar;C:\Users\RiturajYadav\.m2\repository\org\springframework\plugin\spring-plugin-core\3.0.0\spring-plugin-core-3.0.0.jar;C:\Users\RiturajYadav\.m2\repository\org\apache\commons\commons-lang3\3.14.0\commons-lang3-3.14.0.jar
Launcher Type: SUN_STANDARD

[Global flags]
     intx CICompilerCount                          = 3                                         {product} {ergonomic}
     uint ConcGCThreads                            = 2                                         {product} {ergonomic}
     uint G1ConcRefinementThreads                  = 6                                         {product} {ergonomic}
   size_t G1HeapRegionSize                         = 2097152                                   {product} {ergonomic}
   size_t InitialHeapSize                          = 266338304                                 {product} {ergonomic}
   size_t MarkStackSize                            = 4194304                                   {product} {ergonomic}
   size_t MaxHeapSize                              = 4259315712                                {product} {ergonomic}
   size_t MaxNewSize                               = 2554331136                                {product} {ergonomic}
   size_t MinHeapDeltaBytes                        = 2097152                                   {product} {ergonomic}
   size_t MinHeapSize                              = 8388608                                   {product} {ergonomic}
    uintx NonNMethodCodeHeapSize                   = 5832780                                {pd product} {ergonomic}
    uintx NonProfiledCodeHeapSize                  = 122912730                              {pd product} {ergonomic}
    uintx ProfiledCodeHeapSize                     = 122912730                              {pd product} {ergonomic}
    uintx ReservedCodeCacheSize                    = 251658240                              {pd product} {ergonomic}
     bool SegmentedCodeCache                       = true                                      {product} {ergonomic}
     bool ShowCodeDetailsInExceptionMessages       = true                                   {manageable} {command line}
   size_t SoftMaxHeapSize                          = 4259315712                             {manageable} {ergonomic}
     bool UseCompressedOops                        = true                           {product lp64_product} {ergonomic}
     bool UseG1GC                                  = true                                      {product} {ergonomic}
     bool UseLargePagesIndividualAllocation        = false                                  {pd product} {ergonomic}

Logging:
Log output configuration:
 #0: stdout all=warning uptime,level,tags foldmultilines=false
 #1: stderr all=off uptime,level,tags foldmultilines=false

Environment Variables:
PATH=C:\Users\RiturajYadav\.p2\pool\plugins\org.eclipse.justj.openjdk.hotspot.jre.full.win32.x86_64_22.0.2.v20240802-1626\jre\bin;C:/Users/RiturajYadav/.p2/pool/plugins/org.eclipse.justj.openjdk.hotspot.jre.full.win32.x86_64_22.0.2.v20240802-1626/jre/bin/server;C:/Users/RiturajYadav/.p2/pool/plugins/org.eclipse.justj.openjdk.hotspot.jre.full.win32.x86_64_22.0.2.v20240802-1626/jre/bin;C:\Windows\system32;C:\Windows;C:\Windows\System32\Wbem;C:\Windows\System32\WindowsPowerShell\v1.0\;C:\Windows\System32\OpenSSH\;C:\Users\RiturajYadav\Downloads\jdk-17_windows-x64_bin.zip\jdk-17.0.12;C:\Program Files (x86)\Git\cmd;C:\Program Files\TortoiseSVN\bin;C:\Program Files\MySQL\MySQL Shell 8.0\bin\;C:\Users\RiturajYadav\AppData\Local\Microsoft\WindowsApps;C:\Users\RiturajYadav\AppData\Local\Programs\Microsoft VS Code\bin;D:\Java\jdk-17\bin;C:\Users\RiturajYadav\Downloads\jdk-17_windows-x64_bin.zip\jdk-17.0.12;;C:\Users\RiturajYadav\OneDrive - Novel Patterns\Desktop;
USERNAME=RiturajYadav
OS=Windows_NT
PROCESSOR_IDENTIFIER=Intel64 Family 6 Model 158 Stepping 10, GenuineIntel
TMP=C:\Users\RITURA~1\AppData\Local\Temp
TEMP=C:\Users\RITURA~1\AppData\Local\Temp




Periodic native trim disabled

---------------  S Y S T E M  ---------------

OS:
 Windows 10 , 64 bit Build 19041 (10.0.19041.4957)
OS uptime: 1 days 1:14 hours

CPU: total 6 (initial active 6) (6 cores per cpu, 1 threads per core) family 6 model 158 stepping 10 microcode 0xf0, cx8, cmov, fxsr, mmx, 3dnowpref, sse, sse2, sse3, ssse3, sse4.1, sse4.2, popcnt, lzcnt, tsc, tscinvbit, avx, avx2, aes, erms, clmul, bmi1, bmi2, adx, fma, vzeroupper, clflush, clflushopt, rdtscp, f16c
Processor Information for all 6 processors :
  Max Mhz: 2808, Current Mhz: 2808, Mhz Limit: 2808

Memory: 4k page, system-wide physical 16246M (7944M free)
TotalPageFile size 18678M (AvailPageFile size 9559M)
current process WorkingSet (physical memory assigned to process): 400M, peak: 469M
current process commit charge ("private bytes"): 429M, peak: 500M

vm_info: OpenJDK 64-Bit Server VM (22.0.2+9) for windows-amd64 JRE (22.0.2+9), built on 2024-07-16T00:00:00Z by "admin" with MS VC++ 17.7 (VS2022)

END.
